This is pdfTeX, Version 3.14159265-2.6-1.40.20 (MiKTeX 2.9.7250 64-bit) (preloaded format=pdflatex 2019.12.25)  24 MAR 2020 16:58
entering extended mode
**"g:/Keybook/Physics/Volume II/book.tex"
("g:/Keybook/Physics/Volume II/book.tex"
LaTeX2e <2019-10-01> patch level 3
("g:\Keybook\Physics\Volume II\pieasthesis.cls"
Document Class: pieasthesis 2011/10/30 v1.0 PIEAS Thesis class
("C:\Program Files\MiKTeX 2.9\tex/latex/setspace\setspace.sty"
Package: setspace 2011/12/19 v6.7a set line spacing
)
\c@subyear=\count80
 ("C:\Program Files\MiKTeX 2.9\tex/latex/base\report.cls"
Document Class: report 2019/10/25 v1.4k Standard LaTeX document class
("C:\Program Files\MiKTeX 2.9\tex/latex/base\size12.clo"
File: size12.clo 2019/10/25 v1.4k Standard LaTeX file (size option)
)
\c@part=\count81
\c@chapter=\count82
\c@section=\count83
\c@subsection=\count84
\c@subsubsection=\count85
\c@paragraph=\count86
\c@subparagraph=\count87
\c@figure=\count88
\c@table=\count89
\abovecaptionskip=\skip41
\belowcaptionskip=\skip42
\bibindent=\dimen102
)) ("C:\Program Files\MiKTeX 2.9\tex/latex/graphics\graphicx.sty"
Package: graphicx 2017/06/01 v1.1a Enhanced LaTeX Graphics (DPC,SPQR)
 ("C:\Program Files\MiKTeX 2.9\tex/latex/graphics\keyval.sty"
Package: keyval 2014/10/28 v1.15 key=value parser (DPC)
\KV@toks@=\toks14
) ("C:\Program Files\MiKTeX 2.9\tex/latex/graphics\graphics.sty"
Package: graphics 2019/11/01 v1.3d Standard LaTeX Graphics (DPC,SPQR)
 ("C:\Program Files\MiKTeX 2.9\tex/latex/graphics\trig.sty"
Package: trig 2016/01/03 v1.10 sin cos tan (DPC)
) ("C:\Program Files\MiKTeX 2.9\tex/latex/graphics-cfg\graphics.cfg"
File: graphics.cfg 2016/06/04 v1.11 sample graphics configuration
)
Package graphics Info: Driver file: pdftex.def on input line 105.
 ("C:\Program Files\MiKTeX 2.9\tex/latex/graphics-def\pdftex.def"
File: pdftex.def 2018/01/08 v1.0l Graphics/color driver for pdftex
))
\Gin@req@height=\dimen103
\Gin@req@width=\dimen104
) ("C:\Program Files\MiKTeX 2.9\tex/latex/tools\verbatim.sty"
Package: verbatim 2019/11/10 v1.5r LaTeX2e package for verbatim enhancements
\every@verbatim=\toks15
\verbatim@line=\toks16
\verbatim@in@stream=\read1
) ("C:\Program Files\MiKTeX 2.9\tex/latex/amsmath\amsmath.sty"
Package: amsmath 2019/11/16 v2.17d AMS math features
\@mathmargin=\skip43

For additional information on amsmath, use the `?' option.
("C:\Program Files\MiKTeX 2.9\tex/latex/amsmath\amstext.sty"
Package: amstext 2000/06/29 v2.01 AMS text
 ("C:\Program Files\MiKTeX 2.9\tex/latex/amsmath\amsgen.sty"
File: amsgen.sty 1999/11/30 v2.0 generic functions
\@emptytoks=\toks17
\ex@=\dimen105
)) ("C:\Program Files\MiKTeX 2.9\tex/latex/amsmath\amsbsy.sty"
Package: amsbsy 1999/11/29 v1.2d Bold Symbols
\pmbraise@=\dimen106
) ("C:\Program Files\MiKTeX 2.9\tex/latex/amsmath\amsopn.sty"
Package: amsopn 2016/03/08 v2.02 operator names
)
\inf@bad=\count90
LaTeX Info: Redefining \frac on input line 227.
\uproot@=\count91
\leftroot@=\count92
LaTeX Info: Redefining \overline on input line 389.
\classnum@=\count93
\DOTSCASE@=\count94
LaTeX Info: Redefining \ldots on input line 486.
LaTeX Info: Redefining \dots on input line 489.
LaTeX Info: Redefining \cdots on input line 610.
\Mathstrutbox@=\box27
\strutbox@=\box28
\big@size=\dimen107
LaTeX Font Info:    Redeclaring font encoding OML on input line 733.
LaTeX Font Info:    Redeclaring font encoding OMS on input line 734.
\macc@depth=\count95
\c@MaxMatrixCols=\count96
\dotsspace@=\muskip10
\c@parentequation=\count97
\dspbrk@lvl=\count98
\tag@help=\toks18
\row@=\count99
\column@=\count100
\maxfields@=\count101
\andhelp@=\toks19
\eqnshift@=\dimen108
\alignsep@=\dimen109
\tagshift@=\dimen110
\tagwidth@=\dimen111
\totwidth@=\dimen112
\lineht@=\dimen113
\@envbody=\toks20
\multlinegap=\skip44
\multlinetaggap=\skip45
\mathdisplay@stack=\toks21
LaTeX Info: Redefining \[ on input line 2858.
LaTeX Info: Redefining \] on input line 2859.
) ("C:\Program Files\MiKTeX 2.9\tex/latex/multirow\multirow.sty"
Package: multirow 2019/05/31 v2.5 Span multiple rows of a table
\multirow@colwidth=\skip46
\multirow@cntb=\count102
\multirow@dima=\skip47
\bigstrutjot=\dimen114
) ("C:\Program Files\MiKTeX 2.9\tex/latex/tools\longtable.sty"
Package: longtable 2019/02/06 v4.12 Multi-page Table package (DPC)
\LTleft=\skip48
\LTright=\skip49
\LTpre=\skip50
\LTpost=\skip51
\LTchunksize=\count103
\LTcapwidth=\dimen115
\LT@head=\box29
\LT@firsthead=\box30
\LT@foot=\box31
\LT@lastfoot=\box32
\LT@cols=\count104
\LT@rows=\count105
\c@LT@tables=\count106
\c@LT@chunks=\count107
\LT@p@ftn=\toks22
) ("C:\Program Files\MiKTeX 2.9\tex/latex/booktabs\booktabs.sty"
Package: booktabs 2019/10/08 v1.6180339 publication quality tables
\heavyrulewidth=\dimen116
\lightrulewidth=\dimen117
\cmidrulewidth=\dimen118
\belowrulesep=\dimen119
\belowbottomsep=\dimen120
\aboverulesep=\dimen121
\abovetopsep=\dimen122
\cmidrulesep=\dimen123
\cmidrulekern=\dimen124
\defaultaddspace=\dimen125
\@cmidla=\count108
\@cmidlb=\count109
\@aboverulesep=\dimen126
\@belowrulesep=\dimen127
\@thisruleclass=\count110
\@lastruleclass=\count111
\@thisrulewidth=\dimen128
) ("C:\Program Files\MiKTeX 2.9\tex/latex/graphics\epsfig.sty"
Package: epsfig 2017/06/25 v1.7b (e)psfig emulation (SPQR)
\epsfxsize=\dimen129
\epsfysize=\dimen130
) ("C:\Program Files\MiKTeX 2.9\tex/latex/epstopdf-pkg\epstopdf.sty"
Package: epstopdf 2019-12-09 v2.10 Conversion with epstopdf on the fly (HO)
 ("C:\Program Files\MiKTeX 2.9\tex/generic/infwarerr\infwarerr.sty"
Package: infwarerr 2019/12/03 v1.5 Providing info/warning/error messages (HO)
) ("C:\Program Files\MiKTeX 2.9\tex/latex/grfext\grfext.sty"
Package: grfext 2019/12/03 v1.3 Manage graphics extensions (HO)
 ("C:\Program Files\MiKTeX 2.9\tex/generic/kvdefinekeys\kvdefinekeys.sty"
Package: kvdefinekeys 2019-12-19 v1.6 Define keys (HO)
)) ("C:\Program Files\MiKTeX 2.9\tex/latex/kvoptions\kvoptions.sty"
Package: kvoptions 2019/11/29 v3.13 Key value format for package options (HO)
 ("C:\Program Files\MiKTeX 2.9\tex/generic/ltxcmds\ltxcmds.sty"
Package: ltxcmds 2019/12/15 v1.24 LaTeX kernel commands for general use (HO)
) ("C:\Program Files\MiKTeX 2.9\tex/generic/kvsetkeys\kvsetkeys.sty"
Package: kvsetkeys 2019/12/15 v1.18 Key value parser (HO)
)) ("C:\Program Files\MiKTeX 2.9\tex/latex/pdftexcmds\pdftexcmds.sty"
Package: pdftexcmds 2019/11/24 v0.31 Utility functions of pdfTeX for LuaTeX (HO)
 ("C:\Program Files\MiKTeX 2.9\tex/generic/iftex\iftex.sty"
Package: iftex 2019/11/07 v1.0c TeX engine tests
)
Package pdftexcmds Info: \pdf@primitive is available.
Package pdftexcmds Info: \pdf@ifprimitive is available.
Package pdftexcmds Info: \pdfdraftmode found.
) ("C:\Program Files\MiKTeX 2.9\tex/latex/epstopdf-pkg\epstopdf-base.sty"
Package: epstopdf-base 2019-12-09 v2.10 Base part for package epstopdf
Package epstopdf-base Info: Redefining graphics rule for `.eps' on input line 485.
Package grfext Info: Graphics extension search list:
(grfext)             [.pdf,.png,.jpg,.mps,.jpeg,.jbig2,.jb2,.PDF,.PNG,.JPG,.JPEG,.JBIG2,.JB2,.eps]
(grfext)             \AppendGraphicsExtensions on input line 504.
)) ("C:\Program Files\MiKTeX 2.9\tex/latex/tools\multicol.sty"
Package: multicol 2019/03/01 v1.8w multicolumn formatting (FMi)
\c@tracingmulticols=\count112
\mult@box=\box33
\multicol@leftmargin=\dimen131
\c@unbalance=\count113
\c@collectmore=\count114
\doublecol@number=\count115
\multicoltolerance=\count116
\multicolpretolerance=\count117
\full@width=\dimen132
\page@free=\dimen133
\premulticols=\dimen134
\postmulticols=\dimen135
\multicolsep=\skip52
\multicolbaselineskip=\skip53
\partial@page=\box34
\last@line=\box35
\maxbalancingoverflow=\dimen136
\mult@rightbox=\box36
\mult@grightbox=\box37
\mult@gfirstbox=\box38
\mult@firstbox=\box39
\@tempa=\box40
\@tempa=\box41
\@tempa=\box42
\@tempa=\box43
\@tempa=\box44
\@tempa=\box45
\@tempa=\box46
\@tempa=\box47
\@tempa=\box48
\@tempa=\box49
\@tempa=\box50
\@tempa=\box51
\@tempa=\box52
\@tempa=\box53
\@tempa=\box54
\@tempa=\box55
\@tempa=\box56
\c@minrows=\count118
\c@columnbadness=\count119
\c@finalcolumnbadness=\count120
\last@try=\dimen137
\multicolovershoot=\dimen138
\multicolundershoot=\dimen139
\mult@nat@firstbox=\box57
\colbreak@box=\box58
\mc@col@check@num=\count121
) ("C:\Program Files\MiKTeX 2.9\tex/latex/geometry\geometry.sty"
Package: geometry 2018/04/16 v5.8 Page Geometry
 ("C:\Program Files\MiKTeX 2.9\tex/generic/iftex\ifpdf.sty"
Package: ifpdf 2019/10/25 v3.4 ifpdf legacy package. Use iftex instead.
) ("C:\Program Files\MiKTeX 2.9\tex/generic/iftex\ifvtex.sty"
Package: ifvtex 2019/10/25 v1.7 ifvtex legacy package. Use iftex instead.
) ("C:\Program Files\MiKTeX 2.9\tex/generic/iftex\ifxetex.sty"
Package: ifxetex 2019/10/25 v0.7 ifxetex legacy package. Use iftex instead.
)
\Gm@cnth=\count122
\Gm@cntv=\count123
\c@Gm@tempcnt=\count124
\Gm@bindingoffset=\dimen140
\Gm@wd@mp=\dimen141
\Gm@odd@mp=\dimen142
\Gm@even@mp=\dimen143
\Gm@layoutwidth=\dimen144
\Gm@layoutheight=\dimen145
\Gm@layouthoffset=\dimen146
\Gm@layoutvoffset=\dimen147
\Gm@dimlist=\toks23
 ("C:\Program Files\MiKTeX 2.9\tex/latex/geometry\geometry.cfg")) ("C:\Program Files\MiKTeX 2.9\tex/latex/hyperref\hyperref.sty"
Package: hyperref 2019/11/10 v7.00c Hypertext links for LaTeX
 ("C:\Program Files\MiKTeX 2.9\tex/generic/pdfescape\pdfescape.sty"
Package: pdfescape 2019/12/09 v1.15 Implements pdfTeX's escape features (HO)
) ("C:\Program Files\MiKTeX 2.9\tex/latex/hycolor\hycolor.sty"
Package: hycolor 2019/12/15 v1.9 Color options for hyperref/bookmark (HO)
 ("C:\Program Files\MiKTeX 2.9\tex/latex/hycolor\xcolor-patch.sty"
Package: xcolor-patch 2019/12/15 xcolor patch
 ("C:\Program Files\MiKTeX 2.9\tex/latex/oberdiek\hopatch.sty"
Package: hopatch 2016/05/16 v1.3 Wrapper for package hooks (HO)
))) ("C:\Program Files\MiKTeX 2.9\tex/latex/letltxmacro\letltxmacro.sty"
Package: letltxmacro 2019/12/03 v1.6 Let assignment for LaTeX macros (HO)
) ("C:\Program Files\MiKTeX 2.9\tex/latex/auxhook\auxhook.sty"
Package: auxhook 2019-12-17 v1.6 Hooks for auxiliary files (HO)
)
\@linkdim=\dimen148
\Hy@linkcounter=\count125
\Hy@pagecounter=\count126
 ("C:\Program Files\MiKTeX 2.9\tex/latex/hyperref\pd1enc.def"
File: pd1enc.def 2019/11/10 v7.00c Hyperref: PDFDocEncoding definition (HO)
Now handling font encoding PD1 ...
... no UTF-8 mapping file for font encoding PD1
) ("C:\Program Files\MiKTeX 2.9\tex/generic/intcalc\intcalc.sty"
Package: intcalc 2019/12/15 v1.3 Expandable calculations with integers (HO)
) ("C:\Program Files\MiKTeX 2.9\tex/generic/etexcmds\etexcmds.sty"
Package: etexcmds 2019/12/15 v1.7 Avoid name clashes with e-TeX commands (HO)
)
\Hy@SavedSpaceFactor=\count127
 ("C:\Program Files\MiKTeX 2.9\tex/latex/00miktex\hyperref.cfg"
File: hyperref.cfg 2002/06/06 v1.2 hyperref configuration of TeXLive
)
Package hyperref Info: Hyper figures OFF on input line 4535.
Package hyperref Info: Link nesting OFF on input line 4540.
Package hyperref Info: Hyper index ON on input line 4543.
Package hyperref Info: Plain pages OFF on input line 4550.
Package hyperref Info: Backreferencing OFF on input line 4555.
Package hyperref Info: Implicit mode ON; LaTeX internals redefined.
Package hyperref Info: Bookmarks ON on input line 4788.
\c@Hy@tempcnt=\count128
 ("C:\Program Files\MiKTeX 2.9\tex/latex/url\url.sty"
\Urlmuskip=\muskip11
Package: url 2013/09/16  ver 3.4  Verb mode for urls, etc.
)
LaTeX Info: Redefining \url on input line 5147.
\XeTeXLinkMargin=\dimen149
 ("C:\Program Files\MiKTeX 2.9\tex/generic/bitset\bitset.sty"
Package: bitset 2019/12/09 v1.3 Handle bit-vector datatype (HO)
 ("C:\Program Files\MiKTeX 2.9\tex/generic/bigintcalc\bigintcalc.sty"
Package: bigintcalc 2019/12/15 v1.5 Expandable calculations on big integers (HO)
))
\Fld@menulength=\count129
\Field@Width=\dimen150
\Fld@charsize=\dimen151
Package hyperref Info: Hyper figures OFF on input line 6418.
Package hyperref Info: Link nesting OFF on input line 6423.
Package hyperref Info: Hyper index ON on input line 6426.
Package hyperref Info: backreferencing OFF on input line 6433.
Package hyperref Info: Link coloring OFF on input line 6438.
Package hyperref Info: Link coloring with OCG OFF on input line 6443.
Package hyperref Info: PDF/A mode OFF on input line 6448.
LaTeX Info: Redefining \ref on input line 6488.
LaTeX Info: Redefining \pageref on input line 6492.
 ("C:\Program Files\MiKTeX 2.9\tex/generic/atbegshi\atbegshi.sty"
Package: atbegshi 2019/12/05 v1.19 At begin shipout hook (HO)
)
\Hy@abspage=\count130
\c@Item=\count131
\c@Hfootnote=\count132
)
Package hyperref Info: Driver (autodetected): hpdftex.
 ("C:\Program Files\MiKTeX 2.9\tex/latex/hyperref\hpdftex.def"
File: hpdftex.def 2019/11/10 v7.00c Hyperref driver for pdfTeX
 ("C:\Program Files\MiKTeX 2.9\tex/latex/atveryend\atveryend.sty"
Package: atveryend 2019-12-11 v1.11 Hooks at the very end of document (HO)
Package atveryend Info: \enddocument detected (standard20110627).
)
\Fld@listcount=\count133
\c@bookmark@seq@number=\count134
 ("C:\Program Files\MiKTeX 2.9\tex/latex/rerunfilecheck\rerunfilecheck.sty"
Package: rerunfilecheck 2019/12/05 v1.9 Rerun checks for auxiliary files (HO)
 ("C:\Program Files\MiKTeX 2.9\tex/generic/uniquecounter\uniquecounter.sty"
Package: uniquecounter 2019/12/15 v1.4 Provide unlimited unique counter (HO)
)
Package uniquecounter Info: New unique counter `rerunfilecheck' on input line 286.
)
\Hy@SectionHShift=\skip54
)
Package hyperref Info: Option `bookmarksnumbered' set `true' on input line 43.


Package hyperref Warning: Token not allowed in a PDF string (PDFDocEncoding):
(hyperref)                removing `\\' on input line 45.

("C:\Program Files\MiKTeX 2.9\tex/latex/sectsty\sectsty.sty"
Package: sectsty 2002/02/25 v2.0.2 Commands to change all sectional heading styles


LaTeX Warning: Command \underbar  has changed.
               Check if current package is valid.


LaTeX Warning: Command \underline  has changed.
               Check if current package is valid.

) ("C:\Program Files\MiKTeX 2.9\tex/generic/babel\babel.sty"
Package: babel 2019/12/08 3.37 The Babel package
 ("C:\Program Files\MiKTeX 2.9\tex/generic/babel\switch.def"
File: switch.def 2019/12/08 3.37 Babel switching mechanism
)
*************************************
* Local config file bblopts.cfg used
*
("C:\Program Files\MiKTeX 2.9\tex/latex/arabi\bblopts.cfg"
File: bblopts.cfg 2005/09/08 v0.1 add Arabic and Farsi to "declared" options of babel
) ("C:\Program Files\MiKTeX 2.9\tex/latex/babel-english\english.ldf"
Language: english 2017/06/06 v3.3r English support from the babel system
 ("C:\Program Files\MiKTeX 2.9\tex/generic/babel\babel.def"
File: babel.def 2019/12/08 3.37 Babel common definitions
\babel@savecnt=\count135
\U@D=\dimen152
 ("C:\Program Files\MiKTeX 2.9\tex/generic/babel\txtbabel.def")
\bbl@dirlevel=\count136
)
Package babel Info: \l@canadian = using hyphenrules for english
(babel)             (\language0) on input line 102.
Package babel Info: \l@australian = using hyphenrules for ukenglish
(babel)             (\language76) on input line 105.
Package babel Info: \l@newzealand = using hyphenrules for ukenglish
(babel)             (\language76) on input line 108.
)) ("C:\Program Files\MiKTeX 2.9\tex/latex/base\inputenc.sty"
Package: inputenc 2018/08/11 v1.3c Input encoding file
\inpenc@prehook=\toks24
\inpenc@posthook=\toks25
 ("C:\Program Files\MiKTeX 2.9\tex/latex/ucs\utf8x.def"
File: utf8x.def 2004/10/17 UCS: Input encoding UTF-8
)) ("C:\Program Files\MiKTeX 2.9\tex/latex/ucs\ucs.sty"
Package: ucs 2013/05/11 v2.2 UCS: Unicode input support
 ("C:\Program Files\MiKTeX 2.9\tex/latex/ucs\uni-global.def"
File: uni-global.def 2013/05/13 UCS: Unicode global data
)
\uc@secondtry=\count137
\uc@combtoks=\toks26
\uc@combtoksb=\toks27
\uc@temptokena=\toks28
) ("C:\Program Files\MiKTeX 2.9\tex/latex/esvect\esvect.sty"
Package: esvect 
\symesvector=\mathgroup4
) ("C:\Program Files\MiKTeX 2.9\tex/latex/preprint\fullpage.sty"
Package: fullpage 1999/02/23 1.1 (PWD)
\FP@margin=\skip55
) ("C:\Program Files\MiKTeX 2.9\tex/latex/xcolor\xcolor.sty"
Package: xcolor 2016/05/11 v2.12 LaTeX color extensions (UK)
 ("C:\Program Files\MiKTeX 2.9\tex/latex/graphics-cfg\color.cfg"
File: color.cfg 2016/01/02 v1.6 sample color configuration
)
Package xcolor Info: Driver file: pdftex.def on input line 225.
Package xcolor Info: Model `cmy' substituted by `cmy0' on input line 1348.
Package xcolor Info: Model `hsb' substituted by `rgb' on input line 1352.
Package xcolor Info: Model `RGB' extended on input line 1364.
Package xcolor Info: Model `HTML' substituted by `rgb' on input line 1366.
Package xcolor Info: Model `Hsb' substituted by `hsb' on input line 1367.
Package xcolor Info: Model `tHsb' substituted by `hsb' on input line 1368.
Package xcolor Info: Model `HSB' substituted by `hsb' on input line 1369.
Package xcolor Info: Model `Gray' substituted by `gray' on input line 1370.
Package xcolor Info: Model `wave' substituted by `hsb' on input line 1371.
) ("C:\Program Files\MiKTeX 2.9\tex/latex/textgreek\textgreek.sty"
Package: textgreek 2011/10/09 v0.7 Greek symbols in text
Package textgreek Info: Loading the definitions for the Greek fontencoding. on input line 39.
 ("C:\Program Files\MiKTeX 2.9\tex/latex/greek-fontenc\lgrenc.def"
File: lgrenc.def 2015/12/07 v0.13.1 LGR Greek font encoding definitions
 ("C:\Program Files\MiKTeX 2.9\tex/latex/greek-fontenc\greek-fontenc.def"
File: greek-fontenc.def 2015/08/04 v0.13 Common Greek font encoding definitions
))
Package textgreek Info: Loaded fontmap: {eur/*/*}{U/eur/*/*} {phv/*/*}{U/psy/*/*}. on input line 69.
) ("C:\Program Files\MiKTeX 2.9\tex/latex/enumitem\enumitem.sty"
Package: enumitem 2019/06/20 v3.9 Customized lists
\labelindent=\skip56
\enit@outerparindent=\dimen153
\enit@toks=\toks29
\enit@inbox=\box59
\enit@count@id=\count138
\enitdp@description=\count139
) ("C:\Program Files\MiKTeX 2.9\tex/latex/wrapfig\wrapfig.sty"
\wrapoverhang=\dimen154
\WF@size=\dimen155
\c@WF@wrappedlines=\count140
\WF@box=\box60
\WF@everypar=\toks30
Package: wrapfig 2003/01/31  v 3.6
) ("C:\Program Files\MiKTeX 2.9\tex/latex/caption\caption.sty"
Package: caption 2019/10/18 v3.4a Customizing captions (AR)
 ("C:\Program Files\MiKTeX 2.9\tex/latex/caption\caption3.sty"
Package: caption3 2019/09/09 v1.8e caption3 kernel (AR)
Package caption3 Info: TeX engine: e-TeX on input line 64.
\captionmargin=\dimen156
\captionmargin@=\dimen157
\captionwidth=\dimen158
\caption@tempdima=\dimen159
\caption@indent=\dimen160
\caption@parindent=\dimen161
\caption@hangindent=\dimen162
Package caption Info: Standard document class detected.
)
\c@caption@flags=\count141
\c@continuedfloat=\count142
Package caption Info: hyperref package is loaded.
Package caption Info: longtable package is loaded.
 ("C:\Program Files\MiKTeX 2.9\tex/latex/caption\ltcaption.sty"
Package: ltcaption 2018/08/26 v1.4a longtable captions (AR)
)
Package caption Info: wrapfig package is loaded.
) ("C:\Program Files\MiKTeX 2.9\tex/latex/float\float.sty"
Package: float 2001/11/08 v1.3d Float enhancements (AL)
\c@float@type=\count143
\float@exts=\toks31
\float@box=\box61
\@float@everytoks=\toks32
\@floatcapt=\box62
) ("C:\Program Files\MiKTeX 2.9\tex/latex/base\fixltx2e.sty"
Package: fixltx2e 2016/12/29 v2.1a fixes to LaTeX (obsolete)
Applying: [2015/01/01] Old fixltx2e package on input line 46.


Package fixltx2e Warning: fixltx2e is not required with releases after 2015
(fixltx2e)                All fixes are now in the LaTeX kernel.
(fixltx2e)                See the latexrelease package for details.

Already applied: [0000/00/00] Old fixltx2e package on input line 53.
) ("C:\Program Files\MiKTeX 2.9\tex/latex/listings\listings.sty"
\lst@mode=\count144
\lst@gtempboxa=\box63
\lst@token=\toks33
\lst@length=\count145
\lst@currlwidth=\dimen163
\lst@column=\count146
\lst@pos=\count147
\lst@lostspace=\dimen164
\lst@width=\dimen165
\lst@newlines=\count148
\lst@lineno=\count149
\lst@maxwidth=\dimen166
 ("C:\Program Files\MiKTeX 2.9\tex/latex/listings\lstmisc.sty"
File: lstmisc.sty 2019/02/27 1.8b (Carsten Heinz)
\c@lstnumber=\count150
\lst@skipnumbers=\count151
\lst@framebox=\box64
) ("C:\Program Files\MiKTeX 2.9\tex/latex/listings\listings.cfg"
File: listings.cfg 2019/02/27 1.8b listings configuration
))
Package: listings 2019/02/27 1.8b (Carsten Heinz)
 ("C:\Program Files\MiKTeX 2.9\tex/latex/caption\subcaption.sty"
Package: subcaption 2019/09/01 v1.3a Sub-captions (AR)
\c@subfigure=\count152
\c@subtable=\count153
) ("C:\Program Files\MiKTeX 2.9\tex/latex/xpatch\xpatch.sty" ("C:\Program Files\MiKTeX 2.9\tex/latex/l3kernel\expl3.sty"
Package: expl3 2019-11-07 L3 programming layer (loader) 
 ("C:\Program Files\MiKTeX 2.9\tex/latex/l3kernel\expl3-code.tex"
Package: expl3 2019-11-07 L3 programming layer (code)
\c_max_int=\count154
\l_tmpa_int=\count155
\l_tmpb_int=\count156
\g_tmpa_int=\count157
\g_tmpb_int=\count158
\l__seq_internal_a_int=\count159
\l__seq_internal_b_int=\count160
\g__kernel_prg_map_int=\count161
\c__ior_term_noprompt_ior=\count162
\c_log_iow=\count163
\l_iow_line_count_int=\count164
\l__iow_line_target_int=\count165
\l__iow_one_indent_int=\count166
\l__iow_indent_int=\count167
\c_zero_dim=\dimen167
\c_max_dim=\dimen168
\l_tmpa_dim=\dimen169
\l_tmpb_dim=\dimen170
\g_tmpa_dim=\dimen171
\g_tmpb_dim=\dimen172
\c_zero_skip=\skip57
\c_max_skip=\skip58
\l_tmpa_skip=\skip59
\l_tmpb_skip=\skip60
\g_tmpa_skip=\skip61
\g_tmpb_skip=\skip62
\c_zero_muskip=\muskip12
\c_max_muskip=\muskip13
\l_tmpa_muskip=\muskip14
\l_tmpb_muskip=\muskip15
\g_tmpa_muskip=\muskip16
\g_tmpb_muskip=\muskip17
\l_keys_choice_int=\count168
\l__intarray_loop_int=\count169
\c__intarray_sp_dim=\dimen173
\g__intarray_font_int=\count170
\c__fp_leading_shift_int=\count171
\c__fp_middle_shift_int=\count172
\c__fp_trailing_shift_int=\count173
\c__fp_big_leading_shift_int=\count174
\c__fp_big_middle_shift_int=\count175
\c__fp_big_trailing_shift_int=\count176
\c__fp_Bigg_leading_shift_int=\count177
\c__fp_Bigg_middle_shift_int=\count178
\c__fp_Bigg_trailing_shift_int=\count179
\c__kernel_randint_max_int=\count180
\g__fp_array_int=\count181
\l__fp_array_loop_int=\count182
\l__sort_length_int=\count183
\l__sort_min_int=\count184
\l__sort_top_int=\count185
\l__sort_max_int=\count186
\l__sort_true_max_int=\count187
\l__sort_block_int=\count188
\l__sort_begin_int=\count189
\l__sort_end_int=\count190
\l__sort_A_int=\count191
\l__sort_B_int=\count192
\l__sort_C_int=\count193
\l__str_internal_int=\count194
\c__str_replacement_char_int=\count195
\l__tl_analysis_normal_int=\count196
\l__tl_analysis_index_int=\count197
\l__tl_analysis_nesting_int=\count198
\l__tl_analysis_type_int=\count199
\l__regex_internal_a_int=\count266
\l__regex_internal_b_int=\count267
\l__regex_internal_c_int=\count268
\l__regex_balance_int=\count269
\l__regex_group_level_int=\count270
\l__regex_mode_int=\count271
\c__regex_cs_in_class_mode_int=\count272
\c__regex_cs_mode_int=\count273
\l__regex_catcodes_int=\count274
\l__regex_default_catcodes_int=\count275
\c__regex_catcode_D_int=\count276
\c__regex_catcode_S_int=\count277
\c__regex_catcode_L_int=\count278
\c__regex_catcode_O_int=\count279
\c__regex_catcode_A_int=\count280
\c__regex_all_catcodes_int=\count281
\l__regex_show_lines_int=\count282
\l__regex_min_state_int=\count283
\l__regex_max_state_int=\count284
\l__regex_left_state_int=\count285
\l__regex_right_state_int=\count286
\l__regex_capturing_group_int=\count287
\l__regex_min_pos_int=\count288
\l__regex_max_pos_int=\count289
\l__regex_curr_pos_int=\count290
\l__regex_start_pos_int=\count291
\l__regex_success_pos_int=\count292
\l__regex_curr_char_int=\count293
\l__regex_curr_catcode_int=\count294
\l__regex_last_char_int=\count295
\l__regex_case_changed_char_int=\count296
\l__regex_curr_state_int=\count297
\l__regex_step_int=\count298
\l__regex_min_active_int=\count299
\l__regex_max_active_int=\count300
\l__regex_replacement_csnames_int=\count301
\l__regex_match_count_int=\count302
\l__regex_min_submatch_int=\count303
\l__regex_submatch_int=\count304
\l__regex_zeroth_submatch_int=\count305
\g__regex_trace_regex_int=\count306
\c_empty_box=\box65
\l_tmpa_box=\box66
\l_tmpb_box=\box67
\g_tmpa_box=\box68
\g_tmpb_box=\box69
\l__box_top_dim=\dimen174
\l__box_bottom_dim=\dimen175
\l__box_left_dim=\dimen176
\l__box_right_dim=\dimen177
\l__box_top_new_dim=\dimen178
\l__box_bottom_new_dim=\dimen179
\l__box_left_new_dim=\dimen180
\l__box_right_new_dim=\dimen181
\l__box_internal_box=\box70
\l__coffin_internal_box=\box71
\l__coffin_internal_dim=\dimen182
\l__coffin_offset_x_dim=\dimen183
\l__coffin_offset_y_dim=\dimen184
\l__coffin_x_dim=\dimen185
\l__coffin_y_dim=\dimen186
\l__coffin_x_prime_dim=\dimen187
\l__coffin_y_prime_dim=\dimen188
\c_empty_coffin=\box72
\l__coffin_aligned_coffin=\box73
\l__coffin_aligned_internal_coffin=\box74
\l_tmpa_coffin=\box75
\l_tmpb_coffin=\box76
\g_tmpa_coffin=\box77
\g_tmpb_coffin=\box78
\l__coffin_bounding_shift_dim=\dimen189
\l__coffin_left_corner_dim=\dimen190
\l__coffin_right_corner_dim=\dimen191
\l__coffin_bottom_corner_dim=\dimen192
\l__coffin_top_corner_dim=\dimen193
\l__coffin_scaled_total_height_dim=\dimen194
\l__coffin_scaled_width_dim=\dimen195
\c__coffin_empty_coffin=\box79
\l__coffin_display_coffin=\box80
\l__coffin_display_coord_coffin=\box81
\l__coffin_display_pole_coffin=\box82
\l__coffin_display_offset_dim=\dimen196
\l__coffin_display_x_dim=\dimen197
\l__coffin_display_y_dim=\dimen198
\g__char_data_ior=\read2
 ("C:\Program Files\MiKTeX 2.9\tex/latex/l3kernel\l3deprecation.def"
File: l3deprecation.def 2019-04-06 v L3 Deprecated functions
)) ("C:\Program Files\MiKTeX 2.9\tex/latex/l3backend\l3backend-pdfmode.def"
File: l3backend-pdfmode.def 2019-04-06 L3 backend support: PDF mode
\l__kernel_color_stack_int=\count307
\l__pdf_internal_box=\box83
))
Package: xpatch 2012/10/02 v0.3 Extending etoolbox patching commands
 ("C:\Program Files\MiKTeX 2.9\tex/latex/l3packages/xparse\xparse.sty"
Package: xparse 2019-10-11 L3 Experimental document command parser
\l__xparse_current_arg_int=\count308
\g__xparse_grabber_int=\count309
\l__xparse_m_args_int=\count310
\l__xparse_v_nesting_int=\count311
) ("C:\Program Files\MiKTeX 2.9\tex/latex/etoolbox\etoolbox.sty"
Package: etoolbox 2019/09/21 v2.5h e-TeX tools for LaTeX (JAW)
\etb@tempcnta=\count312
)) ("C:\Program Files\MiKTeX 2.9\tex/latex/fancyhdr\fancyhdr.sty"
Package: fancyhdr 2019/01/31 v3.10 Extensive control of page headers and footers
\f@nch@headwidth=\skip63
\f@nch@O@elh=\skip64
\f@nch@O@erh=\skip65
\f@nch@O@olh=\skip66
\f@nch@O@orh=\skip67
\f@nch@O@elf=\skip68
\f@nch@O@erf=\skip69
\f@nch@O@olf=\skip70
\f@nch@O@orf=\skip71
) ("C:\Program Files\MiKTeX 2.9\tex/latex/appendix\appendix.sty"
Package: appendix 2009/09/02 v1.2b extra appendix facilities
\c@@pps=\count313
\c@@ppsavesec=\count314
\c@@ppsaveapp=\count315
) ("C:\Program Files\MiKTeX 2.9\tex/latex/tcolorbox\tcolorbox.sty"
Package: tcolorbox 2019/11/15 version 4.22 text color boxes
 ("C:\Program Files\MiKTeX 2.9\tex/latex/pgf/basiclayer\pgf.sty" ("C:\Program Files\MiKTeX 2.9\tex/latex/pgf/utilities\pgfrcs.sty" ("C:\Program Files\MiKTeX 2.9\tex/generic/pgf/utilities\pgfutil-common.tex"
\pgfutil@everybye=\toks34
\pgfutil@tempdima=\dimen199
\pgfutil@tempdimb=\dimen256
 ("C:\Program Files\MiKTeX 2.9\tex/generic/pgf/utilities\pgfutil-common-lists.tex")) ("C:\Program Files\MiKTeX 2.9\tex/generic/pgf/utilities\pgfutil-latex.def"
\pgfutil@abb=\box84
 ("C:\Program Files\MiKTeX 2.9\tex/latex/ms\everyshi.sty"
Package: everyshi 2001/05/15 v3.00 EveryShipout Package (MS)
)) ("C:\Program Files\MiKTeX 2.9\tex/generic/pgf/utilities\pgfrcs.code.tex" ("C:\Program Files\MiKTeX 2.9\tex/generic/pgf\pgf.revision.tex")
Package: pgfrcs 2019/05/09 v3.1.3 (3.1.3)
))
Package: pgf 2019/05/09 v3.1.3 (3.1.3)
 ("C:\Program Files\MiKTeX 2.9\tex/latex/pgf/basiclayer\pgfcore.sty" ("C:\Program Files\MiKTeX 2.9\tex/latex/pgf/systemlayer\pgfsys.sty" ("C:\Program Files\MiKTeX 2.9\tex/generic/pgf/systemlayer\pgfsys.code.tex"
Package: pgfsys 2019/05/09 v3.1.3 (3.1.3)
 ("C:\Program Files\MiKTeX 2.9\tex/generic/pgf/utilities\pgfkeys.code.tex"
\pgfkeys@pathtoks=\toks35
\pgfkeys@temptoks=\toks36
 ("C:\Program Files\MiKTeX 2.9\tex/generic/pgf/utilities\pgfkeysfiltered.code.tex"
\pgfkeys@tmptoks=\toks37
))
\pgf@x=\dimen257
\pgf@y=\dimen258
\pgf@xa=\dimen259
\pgf@ya=\dimen260
\pgf@xb=\dimen261
\pgf@yb=\dimen262
\pgf@xc=\dimen263
\pgf@yc=\dimen264
\pgf@xd=\dimen265
\pgf@yd=\dimen266
\w@pgf@writea=\write3
\r@pgf@reada=\read3
\c@pgf@counta=\count316
\c@pgf@countb=\count317
\c@pgf@countc=\count318
\c@pgf@countd=\count319
\t@pgf@toka=\toks38
\t@pgf@tokb=\toks39
\t@pgf@tokc=\toks40
\pgf@sys@id@count=\count320
 ("C:\Program Files\MiKTeX 2.9\tex/generic/pgf/systemlayer\pgf.cfg"
File: pgf.cfg 2019/05/09 v3.1.3 (3.1.3)
)
Driver file for pgf: pgfsys-pdftex.def
 ("C:\Program Files\MiKTeX 2.9\tex/generic/pgf/systemlayer\pgfsys-pdftex.def"
File: pgfsys-pdftex.def 2019/05/09 v3.1.3 (3.1.3)
 ("C:\Program Files\MiKTeX 2.9\tex/generic/pgf/systemlayer\pgfsys-common-pdf.def"
File: pgfsys-common-pdf.def 2019/05/09 v3.1.3 (3.1.3)
))) ("C:\Program Files\MiKTeX 2.9\tex/generic/pgf/systemlayer\pgfsyssoftpath.code.tex"
File: pgfsyssoftpath.code.tex 2019/05/09 v3.1.3 (3.1.3)
\pgfsyssoftpath@smallbuffer@items=\count321
\pgfsyssoftpath@bigbuffer@items=\count322
) ("C:\Program Files\MiKTeX 2.9\tex/generic/pgf/systemlayer\pgfsysprotocol.code.tex"
File: pgfsysprotocol.code.tex 2019/05/09 v3.1.3 (3.1.3)
)) ("C:\Program Files\MiKTeX 2.9\tex/generic/pgf/basiclayer\pgfcore.code.tex"
Package: pgfcore 2019/05/09 v3.1.3 (3.1.3)
 ("C:\Program Files\MiKTeX 2.9\tex/generic/pgf/math\pgfmath.code.tex" ("C:\Program Files\MiKTeX 2.9\tex/generic/pgf/math\pgfmathcalc.code.tex" ("C:\Program Files\MiKTeX 2.9\tex/generic/pgf/math\pgfmathutil.code.tex") ("C:\Program Files\MiKTeX 2.9\tex/generic/pgf/math\pgfmathparser.code.tex"
\pgfmath@dimen=\dimen267
\pgfmath@count=\count323
\pgfmath@box=\box85
\pgfmath@toks=\toks41
\pgfmath@stack@operand=\toks42
\pgfmath@stack@operation=\toks43
) ("C:\Program Files\MiKTeX 2.9\tex/generic/pgf/math\pgfmathfunctions.code.tex" ("C:\Program Files\MiKTeX 2.9\tex/generic/pgf/math\pgfmathfunctions.basic.code.tex") ("C:\Program Files\MiKTeX 2.9\tex/generic/pgf/math\pgfmathfunctions.trigonometric.code.tex") ("C:\Program Files\MiKTeX 2.9\tex/generic/pgf/math\pgfmathfunctions.random.code.tex") ("C:\Program Files\MiKTeX 2.9\tex/generic/pgf/math\pgfmathfunctions.comparison.code.tex") ("C:\Program Files\MiKTeX 2.9\tex/generic/pgf/math\pgfmathfunctions.base.code.tex") ("C:\Program Files\MiKTeX 2.9\tex/generic/pgf/math\pgfmathfunctions.round.code.tex") ("C:\Program Files\MiKTeX 2.9\tex/generic/pgf/math\pgfmathfunctions.misc.code.tex") ("C:\Program Files\MiKTeX 2.9\tex/generic/pgf/math\pgfmathfunctions.integerarithmetics.code.tex"))) ("C:\Program Files\MiKTeX 2.9\tex/generic/pgf/math\pgfmathfloat.code.tex"
\c@pgfmathroundto@lastzeros=\count324
)) ("C:\Program Files\MiKTeX 2.9\tex/generic/pgf/math\pgfint.code.tex") ("C:\Program Files\MiKTeX 2.9\tex/generic/pgf/basiclayer\pgfcorepoints.code.tex"
File: pgfcorepoints.code.tex 2019/05/09 v3.1.3 (3.1.3)
\pgf@picminx=\dimen268
\pgf@picmaxx=\dimen269
\pgf@picminy=\dimen270
\pgf@picmaxy=\dimen271
\pgf@pathminx=\dimen272
\pgf@pathmaxx=\dimen273
\pgf@pathminy=\dimen274
\pgf@pathmaxy=\dimen275
\pgf@xx=\dimen276
\pgf@xy=\dimen277
\pgf@yx=\dimen278
\pgf@yy=\dimen279
\pgf@zx=\dimen280
\pgf@zy=\dimen281
) ("C:\Program Files\MiKTeX 2.9\tex/generic/pgf/basiclayer\pgfcorepathconstruct.code.tex"
File: pgfcorepathconstruct.code.tex 2019/05/09 v3.1.3 (3.1.3)
\pgf@path@lastx=\dimen282
\pgf@path@lasty=\dimen283
) ("C:\Program Files\MiKTeX 2.9\tex/generic/pgf/basiclayer\pgfcorepathusage.code.tex"
File: pgfcorepathusage.code.tex 2019/05/09 v3.1.3 (3.1.3)
\pgf@shorten@end@additional=\dimen284
\pgf@shorten@start@additional=\dimen285
) ("C:\Program Files\MiKTeX 2.9\tex/generic/pgf/basiclayer\pgfcorescopes.code.tex"
File: pgfcorescopes.code.tex 2019/05/09 v3.1.3 (3.1.3)
\pgfpic=\box86
\pgf@hbox=\box87
\pgf@layerbox@main=\box88
\pgf@picture@serial@count=\count325
) ("C:\Program Files\MiKTeX 2.9\tex/generic/pgf/basiclayer\pgfcoregraphicstate.code.tex"
File: pgfcoregraphicstate.code.tex 2019/05/09 v3.1.3 (3.1.3)
\pgflinewidth=\dimen286
) ("C:\Program Files\MiKTeX 2.9\tex/generic/pgf/basiclayer\pgfcoretransformations.code.tex"
File: pgfcoretransformations.code.tex 2019/05/09 v3.1.3 (3.1.3)
\pgf@pt@x=\dimen287
\pgf@pt@y=\dimen288
\pgf@pt@temp=\dimen289
) ("C:\Program Files\MiKTeX 2.9\tex/generic/pgf/basiclayer\pgfcorequick.code.tex"
File: pgfcorequick.code.tex 2019/05/09 v3.1.3 (3.1.3)
) ("C:\Program Files\MiKTeX 2.9\tex/generic/pgf/basiclayer\pgfcoreobjects.code.tex"
File: pgfcoreobjects.code.tex 2019/05/09 v3.1.3 (3.1.3)
) ("C:\Program Files\MiKTeX 2.9\tex/generic/pgf/basiclayer\pgfcorepathprocessing.code.tex"
File: pgfcorepathprocessing.code.tex 2019/05/09 v3.1.3 (3.1.3)
) ("C:\Program Files\MiKTeX 2.9\tex/generic/pgf/basiclayer\pgfcorearrows.code.tex"
File: pgfcorearrows.code.tex 2019/05/09 v3.1.3 (3.1.3)
\pgfarrowsep=\dimen290
) ("C:\Program Files\MiKTeX 2.9\tex/generic/pgf/basiclayer\pgfcoreshade.code.tex"
File: pgfcoreshade.code.tex 2019/05/09 v3.1.3 (3.1.3)
\pgf@max=\dimen291
\pgf@sys@shading@range@num=\count326
\pgf@shadingcount=\count327
) ("C:\Program Files\MiKTeX 2.9\tex/generic/pgf/basiclayer\pgfcoreimage.code.tex"
File: pgfcoreimage.code.tex 2019/05/09 v3.1.3 (3.1.3)
 ("C:\Program Files\MiKTeX 2.9\tex/generic/pgf/basiclayer\pgfcoreexternal.code.tex"
File: pgfcoreexternal.code.tex 2019/05/09 v3.1.3 (3.1.3)
\pgfexternal@startupbox=\box89
)) ("C:\Program Files\MiKTeX 2.9\tex/generic/pgf/basiclayer\pgfcorelayers.code.tex"
File: pgfcorelayers.code.tex 2019/05/09 v3.1.3 (3.1.3)
) ("C:\Program Files\MiKTeX 2.9\tex/generic/pgf/basiclayer\pgfcoretransparency.code.tex"
File: pgfcoretransparency.code.tex 2019/05/09 v3.1.3 (3.1.3)
) ("C:\Program Files\MiKTeX 2.9\tex/generic/pgf/basiclayer\pgfcorepatterns.code.tex"
File: pgfcorepatterns.code.tex 2019/05/09 v3.1.3 (3.1.3)
) ("C:\Program Files\MiKTeX 2.9\tex/generic/pgf/basiclayer\pgfcorerdf.code.tex"
File: pgfcorerdf.code.tex 2019/05/09 v3.1.3 (3.1.3)
))) ("C:\Program Files\MiKTeX 2.9\tex/generic/pgf/modules\pgfmoduleshapes.code.tex"
File: pgfmoduleshapes.code.tex 2019/05/09 v3.1.3 (3.1.3)
\pgfnodeparttextbox=\box90
) ("C:\Program Files\MiKTeX 2.9\tex/generic/pgf/modules\pgfmoduleplot.code.tex"
File: pgfmoduleplot.code.tex 2019/05/09 v3.1.3 (3.1.3)
) ("C:\Program Files\MiKTeX 2.9\tex/latex/pgf/compatibility\pgfcomp-version-0-65.sty"
Package: pgfcomp-version-0-65 2019/05/09 v3.1.3 (3.1.3)
\pgf@nodesepstart=\dimen292
\pgf@nodesepend=\dimen293
) ("C:\Program Files\MiKTeX 2.9\tex/latex/pgf/compatibility\pgfcomp-version-1-18.sty"
Package: pgfcomp-version-1-18 2019/05/09 v3.1.3 (3.1.3)
)) ("C:\Program Files\MiKTeX 2.9\tex/latex/environ\environ.sty"
Package: environ 2014/05/04 v0.3 A new way to define environments
 ("C:\Program Files\MiKTeX 2.9\tex/latex/trimspaces\trimspaces.sty"
Package: trimspaces 2009/09/17 v1.1 Trim spaces around a token list
))
\tcb@titlebox=\box91
\tcb@upperbox=\box92
\tcb@lowerbox=\box93
\tcb@phantombox=\box94
\c@tcbbreakpart=\count328
\c@tcblayer=\count329
\tcolorbox@number=\count330
\tcb@temp=\box95
\tcb@temp=\box96
\tcb@temp=\box97
\tcb@temp=\box98
\tcb@out=\write4
\tcb@record@out=\write5
) ("g:\Keybook\Physics\Volume II\book.aux" ("g:\Keybook\Physics\Volume II\CHAPTERS/Chapter-11/Chapter-11.aux"

LaTeX Warning: Label `eq:11.37' multiply defined.

) ("g:\Keybook\Physics\Volume II\CHAPTERS/Chapter-12/Chapter-12.aux") ("g:\Keybook\Physics\Volume II\CHAPTERS/Chapter-13/Chapter-13.aux") ("g:\Keybook\Physics\Volume II\CHAPTERS/Chapter-13/Chapter-14.aux") ("g:\Keybook\Physics\Volume II\CHAPTERS/Chapter-13/Chapter-15.aux") ("g:\Keybook\Physics\Volume II\CHAPTERS/Chapter-13/Chapter-16.aux") ("g:\Keybook\Physics\Volume II\CHAPTERS/Chapter-13/Chapter-17.aux") ("g:\Keybook\Physics\Volume II\CHAPTERS/Chapter-13/Chapter-18.aux") ("g:\Keybook\Physics\Volume II\CHAPTERS/Chapter-13/Chapter-19.aux") ("g:\Keybook\Physics\Volume II\CHAPTERS/Chapter-13/Chapter-20.aux"))
\openout1 = `book.aux'.

LaTeX Font Info:    Checking defaults for OML/cmm/m/it on input line 196.
LaTeX Font Info:    ... okay on input line 196.
LaTeX Font Info:    Checking defaults for T1/cmr/m/n on input line 196.
LaTeX Font Info:    ... okay on input line 196.
LaTeX Font Info:    Checking defaults for OT1/cmr/m/n on input line 196.
LaTeX Font Info:    ... okay on input line 196.
LaTeX Font Info:    Checking defaults for OMS/cmsy/m/n on input line 196.
LaTeX Font Info:    ... okay on input line 196.
LaTeX Font Info:    Checking defaults for OMX/cmex/m/n on input line 196.
LaTeX Font Info:    ... okay on input line 196.
LaTeX Font Info:    Checking defaults for U/cmr/m/n on input line 196.
LaTeX Font Info:    ... okay on input line 196.
LaTeX Font Info:    Checking defaults for PD1/pdf/m/n on input line 196.
LaTeX Font Info:    ... okay on input line 196.
LaTeX Font Info:    Checking defaults for LGR/cmr/m/n on input line 196.
LaTeX Font Info:    Trying to load font information for LGR+cmr on input line 196.
 ("C:\Program Files\MiKTeX 2.9\tex/latex/cbfonts-fd\lgrcmr.fd"
File: lgrcmr.fd 2017/07/29 v1.2 Greek European Computer Regular
)
LaTeX Font Info:    ... okay on input line 196.
 ("C:\Program Files\MiKTeX 2.9\tex/context/base/mkii\supp-pdf.mkii"
[Loading MPS to PDF converter (version 2006.09.02).]
\scratchcounter=\count331
\scratchdimen=\dimen294
\scratchbox=\box99
\nofMPsegments=\count332
\nofMParguments=\count333
\everyMPshowfont=\toks44
\MPscratchCnt=\count334
\MPscratchDim=\dimen295
\MPnumerator=\count335
\makeMPintoPDFobject=\count336
\everyMPtoPDFconversion=\toks45
)
*geometry* driver: auto-detecting
*geometry* detected driver: pdftex
*geometry* verbose mode - [ preamble ] result:
* driver: pdftex
* paper: a4paper
* layout: <same size as paper>
* layoutoffset:(h,v)=(0.0pt,0.0pt)
* modes: 
* h-part:(L,W,R)=(108.405pt, 416.83289pt, 72.26999pt)
* v-part:(T,H,B)=(72.26999pt, 700.50687pt, 72.26999pt)
* \paperwidth=597.50787pt
* \paperheight=845.04684pt
* \textwidth=452.9679pt
* \textheight=682.43938pt
* \oddsidemargin=0.0pt
* \evensidemargin=0.0pt
* \topmargin=0.0pt
* \headheight=0.0pt
* \headsep=10.0pt
* \topskip=12.0pt
* \footskip=18.06749pt
* \marginparwidth=35.0pt
* \marginparsep=10.0pt
* \columnsep=10.0pt
* \skip\footins=10.8pt plus 4.0pt minus 2.0pt
* \hoffset=0.0pt
* \voffset=0.0pt
* \mag=1000
* \@twocolumnfalse
* \@twosidefalse
* \@mparswitchfalse
* \@reversemarginfalse
* (1in=72.27pt=25.4mm, 1cm=28.453pt)

\AtBeginShipoutBox=\box100
Package hyperref Info: Link coloring OFF on input line 196.
("C:\Program Files\MiKTeX 2.9\tex/latex/hyperref\nameref.sty"
Package: nameref 2019/09/16 v2.46 Cross-referencing by name of section
 ("C:\Program Files\MiKTeX 2.9\tex/latex/refcount\refcount.sty"
Package: refcount 2019/12/15 v3.6 Data extraction from label references (HO)
) ("C:\Program Files\MiKTeX 2.9\tex/generic/gettitlestring\gettitlestring.sty"
Package: gettitlestring 2019/12/15 v1.6 Cleanup title references (HO)
)
\c@section@level=\count337
)
LaTeX Info: Redefining \ref on input line 196.
LaTeX Info: Redefining \pageref on input line 196.
LaTeX Info: Redefining \nameref on input line 196.
 ("g:\Keybook\Physics\Volume II\book.out") ("g:\Keybook\Physics\Volume II\book.out")
\@outlinefile=\write6
\openout6 = `book.out'.

 ("C:\Program Files\MiKTeX 2.9\tex/latex/ucs\ucsencs.def"
File: ucsencs.def 2011/01/21 Fixes to fontencodings LGR, T3
LGR\textpentedeka already defined.
LGR\textpenteqilioi already defined.
LGR\textpentemuria already defined.
LGR\textstigma already defined.
LGR\textqoppa already defined.
LGR\texteuro already defined.
LGR\textperthousand already defined.
LGR\textquoteleft already defined.
LGR\textquoteright already defined.
LGR\u already defined.
LGR\= already defined.
LGR\" already defined.
LGR\textpercent already defined.
LGR\textperiodcentered already defined.
LGR\' already defined.
LGR\textanoteleia already defined.
LGR\textAlpha already defined.
LGR\textBeta already defined.
LGR\textDelta already defined.
LGR\textEpsilon already defined.
LGR\textPhi already defined.
LGR\textGamma already defined.
LGR\textEta already defined.
LGR\textIota already defined.
LGR\textTheta already defined.
LGR\textKappa already defined.
LGR\textLambda already defined.
LGR\textMu already defined.
LGR\textNu already defined.
LGR\textOmicron already defined.
LGR\textPi already defined.
LGR\textChi already defined.
LGR\textRho already defined.
LGR\textSigma already defined.
LGR\textTau already defined.
LGR\textUpsilon already defined.
LGR\textOmega already defined.
LGR\textXi already defined.
LGR\textPsi already defined.
LGR\textZeta already defined.
LGR\` already defined.
LGR\textalpha already defined.
LGR\textbeta already defined.
LGR\textvarsigma already defined.
LGR\textdelta already defined.
LGR\textepsilon already defined.
LGR\textphi already defined.
LGR\textgamma already defined.
LGR\texteta already defined.
LGR\textiota already defined.
LGR\texttheta already defined.
LGR\textkappa already defined.
LGR\textlambda already defined.
LGR\textmu already defined.
LGR\textnu already defined.
LGR\textomicron already defined.
LGR\textpi already defined.
LGR\textchi already defined.
LGR\textrho already defined.
LGR\textautosigma already defined.
LGR\textsigma already defined.
LGR\texttau already defined.
LGR\textupsilon already defined.
LGR\textomega already defined.
LGR\textxi already defined.
LGR\textpsi already defined.
LGR\textzeta already defined.
LGR\guillemotleft already defined.
LGR\guillemotright already defined.
LGR\~ already defined.
LGR\textemdash already defined.
LGR\textdigamma already defined.
LGR\textDigamma already defined.
LGR\textdexiakeraia already defined.
LGR\textaristerikeraia already defined.

fontencoding LGR patched
)
Package caption Info: Begin \AtBeginDocument code.
Package caption Info: float package is loaded.
Package caption Info: listings package is loaded.
Package caption Info: End \AtBeginDocument code.
\c@lstlisting=\count338
 ABD: EveryShipout initializing macros

LaTeX Font Warning: Font shape `OT1/cmr/bx/sc' undefined
(Font)              using `OT1/cmr/bx/n' instead on input line 198.

[1

{C:/Users/asads/AppData/Local/MiKTeX/2.9/pdftex/config/pdftex.map}] ("g:\Keybook\Physics\Volume II\book.toc"
LaTeX Font Info:    Trying to load font information for U+esvect on input line 3.
 ("C:\Program Files\MiKTeX 2.9\tex/latex/esvect\uesvect.fd"
File: uesvect.fd 
)

Package Fancyhdr Warning: \headheight is too small (0.0pt): 
Make it at least 14.49998pt.
We now make it that large for the rest of the document.
This may cause the page layout to be inconsistent, however.

[2


])
\tf@toc=\write7
\openout7 = `book.toc'.

 [3]
\openout2 = `CHAPTERS/Chapter-11/Chapter-11.aux'.

 ("g:\Keybook\Physics\Volume II\CHAPTERS/Chapter-11/Chapter-11.tex"
Chapter 11.
("C:\Program Files\MiKTeX 2.9\tex/latex/ucs\uni-32.def"
File: uni-32.def 2013/05/13 UCS: Unicode data U+2000..U+20FF
)

LaTeX Font Warning: Font shape `OT1/cmss/bx/it' undefined
(Font)              using `OT1/cmss/bx/n' instead on input line 6.

[1





]
LaTeX Font Info:    Trying to load font information for OMS+cmr on input line 49.
 ("C:\Program Files\MiKTeX 2.9\tex/latex/base\omscmr.fd"
File: omscmr.fd 2014/09/29 v2.5h Standard LaTeX font definitions
)
LaTeX Font Info:    Font shape `OMS/cmr/m/n' in size <12> not available
(Font)              Font shape `OMS/cmsy/m/n' tried instead on input line 49.
 [2] [3pdfTeX warning (ext4): destination with the same identifier (name{equation.11.2.1}) has been already used, duplicate ignored

\AtBegShi@Output ...ipout \box \AtBeginShipoutBox 
                                                  \fi \fi 
l.126 \item S
             ystem of units used (in which q, r and F are measured)] [4] ("C:\Program Files\MiKTeX 2.9\tex/latex/ucs\uni-3.def"
File: uni-3.def 2013/05/13 UCS: Unicode data U+0300..U+03FF
) [5]
<Images/11.1.png, id=362, 170.3163pt x 133.6995pt>
File: Images/11.1.png Graphic file (type png)
<use Images/11.1.png>
Package pdftex.def Info: Images/11.1.png  used on input line 258.
(pdftex.def)             Requested size: 136.2532pt x 106.95973pt.
 [6pdfTeX warning (ext4): destination with the same identifier (name{equation.11.2.13}) has been already used, duplicate ignored

\AtBegShi@Output ...ipout \box \AtBeginShipoutBox 
                                                  \fi \fi 
l.279 \end{equation}
                    pdfTeX warning (ext4): destination with the same identifier (name{equation.11.2.13}) has been already used, duplicate ignored

\AtBegShi@Output ...ipout \box \AtBeginShipoutBox 
                                                  \fi \fi 
l.279 \end{equation}
                     <g:/Keybook/Physics/Volume II/Images/11.1.png>]pdfTeX warning (ext4): destination with the same identifier (name{equation.11.2.13}) has been already used, duplicate ignored
<to be read again> 
                   \relax 
l.281 \begin{equation}
                      pdfTeX warning (ext4): destination with the same identifier (name{equation.11.2.13}) has been already used, duplicate ignored
<to be read again> 
                   \relax 
l.281 \begin{equation}
                      pdfTeX warning (ext4): destination with the same identifier (name{equation.11.2.13}) has been already used, duplicate ignored
<to be read again> 
                   \relax 
l.281 \begin{equation}
                      pdfTeX warning (ext4): destination with the same identifier (name{equation.11.2.13}) has been already used, duplicate ignored
<to be read again> 
                   \relax 
l.281 \begin{equation}
                      pdfTeX warning (ext4): destination with the same identifier (name{equation.11.2.13}) has been already used, duplicate ignored
<to be read again> 
                   \relax 
l.285 \begin{equation}
                      pdfTeX warning (ext4): destination with the same identifier (name{equation.11.2.13}) has been already used, duplicate ignored
<to be read again> 
                   \relax 
l.285 \begin{equation}
                      pdfTeX warning (ext4): destination with the same identifier (name{equation.11.2.13}) has been already used, duplicate ignored
<to be read again> 
                   \relax 
l.285 \begin{equation}
                      pdfTeX warning (ext4): destination with the same identifier (name{equation.11.2.13}) has been already used, duplicate ignored
<to be read again> 
                   \relax 
l.285 \begin{equation}
                      pdfTeX warning (ext4): destination with the same identifier (name{equation.11.2.13}) has been already used, duplicate ignored
<to be read again> 
                   \relax 
l.289 \begin{equation}
                      pdfTeX warning (ext4): destination with the same identifier (name{equation.11.2.13}) has been already used, duplicate ignored
<to be read again> 
                   \relax 
l.289 \begin{equation}
                      pdfTeX warning (ext4): destination with the same identifier (name{equation.11.2.13}) has been already used, duplicate ignored
<to be read again> 
                   \relax 
l.289 \begin{equation}
                      pdfTeX warning (ext4): destination with the same identifier (name{equation.11.2.13}) has been already used, duplicate ignored
<to be read again> 
                   \relax 
l.289 \begin{equation}
                      
<Images/11.2.png, id=373, 126.2316pt x 99.7326pt>
File: Images/11.2.png Graphic file (type png)
<use Images/11.2.png>
Package pdftex.def Info: Images/11.2.png  used on input line 301.
(pdftex.def)             Requested size: 151.47714pt x 119.6785pt.
pdfTeX warning (ext4): destination with the same identifier (name{equation.11.2.13}) has been already used, duplicate ignored
<to be read again> 
                   \relax 
l.308 \begin{equation}
                      pdfTeX warning (ext4): destination with the same identifier (name{equation.11.2.13}) has been already used, duplicate ignored
<to be read again> 
                   \relax 
l.308 \begin{equation}
                      pdfTeX warning (ext4): destination with the same identifier (name{equation.11.2.13}) has been already used, duplicate ignored
<to be read again> 
                   \relax 
l.308 \begin{equation}
                      pdfTeX warning (ext4): destination with the same identifier (name{equation.11.2.13}) has been already used, duplicate ignored
<to be read again> 
                   \relax 
l.308 \begin{equation}
                      pdfTeX warning (ext4): destination with the same identifier (name{equation.11.2.13}) has been already used, duplicate ignored
<to be read again> 
                   \relax 
l.318   \begin{equation}
                        pdfTeX warning (ext4): destination with the same identifier (name{equation.11.2.13}) has been already used, duplicate ignored
<to be read again> 
                   \relax 
l.318   \begin{equation}
                        pdfTeX warning (ext4): destination with the same identifier (name{equation.11.2.13}) has been already used, duplicate ignored
<to be read again> 
                   \relax 
l.318   \begin{equation}
                        pdfTeX warning (ext4): destination with the same identifier (name{equation.11.2.13}) has been already used, duplicate ignored
<to be read again> 
                   \relax 
l.318   \begin{equation}
                         [7pdfTeX warning (ext4): destination with the same identifier (name{equation.11.2.13}) has been already used, duplicate ignored

\AtBegShi@Output ...ipout \box \AtBeginShipoutBox 
                                                  \fi \fi 
l.324 \subsection*{Introduction}
                                 <g:/Keybook/Physics/Volume II/Images/11.2.png>]
<Images/11.3.png, id=384, 255.1131pt x 186.6975pt>
File: Images/11.3.png Graphic file (type png)
<use Images/11.3.png>
Package pdftex.def Info: Images/11.3.png  used on input line 371.
(pdftex.def)             Requested size: 229.59966pt x 168.02618pt.
 [8]
<Images/11.4a.png, id=397, 154.8987pt x 164.7756pt>
File: Images/11.4a.png Graphic file (type png)
<use Images/11.4a.png>
Package pdftex.def Info: Images/11.4a.png  used on input line 400.
(pdftex.def)             Requested size: 123.9191pt x 131.82063pt.
<Images/11.4b.png, id=398, 164.2938pt x 164.7756pt>
File: Images/11.4b.png Graphic file (type png)
<use Images/11.4b.png>
Package pdftex.def Info: Images/11.4b.png  used on input line 405.
(pdftex.def)             Requested size: 131.4352pt x 131.82063pt.

Overfull \hbox (2.34344pt too wide) in paragraph at lines 405--406
[][] 
 []

[9pdfTeX warning (ext4): destination with the same identifier (name{equation.11.3.15}) has been already used, duplicate ignored

\AtBegShi@Output ...ipout \box \AtBeginShipoutBox 
                                                  \fi \fi 
l.425 \subsubsection
                    {Explanation} <g:/Keybook/Physics/Volume II/Images/11.3.png>] [10 <g:/Keybook/Physics/Volume II/Images/11.4a.png> <g:/Keybook/Physics/Volume II/Images/11.4b.png>]
File: Images/11.4a.png Graphic file (type png)
<use Images/11.4a.png>
Package pdftex.def Info: Images/11.4a.png  used on input line 474.
(pdftex.def)             Requested size: 123.9191pt x 131.82063pt.
File: Images/11.4b.png Graphic file (type png)
<use Images/11.4b.png>
Package pdftex.def Info: Images/11.4b.png  used on input line 479.
(pdftex.def)             Requested size: 131.4352pt x 131.82063pt.

Overfull \hbox (2.34344pt too wide) in paragraph at lines 479--480
[][] 
 []

<Images/11.6a.png, id=426, 166.9437pt x 144.54pt>
File: Images/11.6a.png Graphic file (type png)
<use Images/11.6a.png>
Package pdftex.def Info: Images/11.6a.png  used on input line 500.
(pdftex.def)             Requested size: 133.55511pt x 115.63214pt.

Overfull \hbox (4.46336pt too wide) in paragraph at lines 500--501
[][] 
 []

<Images/11.6b.png, id=427, 170.7981pt x 144.54pt>
File: Images/11.6b.png Graphic file (type png)
<use Images/11.6b.png>
Package pdftex.def Info: Images/11.6b.png  used on input line 505.
(pdftex.def)             Requested size: 136.63864pt x 115.63214pt.

Overfull \hbox (7.54689pt too wide) in paragraph at lines 505--506
[][] 
 []

[11]
<Images/11.7.png, id=439, 709.9323pt x 767.7483pt>
File: Images/11.7.png Graphic file (type png)
<use Images/11.7.png>
Package pdftex.def Info: Images/11.7.png  used on input line 530.
(pdftex.def)             Requested size: 181.18439pt x 195.93138pt.
 [12 <g:/Keybook/Physics/Volume II/Images/11.6a.png> <g:/Keybook/Physics/Volume II/Images/11.6b.png> <g:/Keybook/Physics/Volume II/Images/11.7.png>]
<Images/11.8.png, id=452, 638.8668pt x 314.1336pt>
File: Images/11.8.png Graphic file (type png)
<use Images/11.8.png>
Package pdftex.def Info: Images/11.8.png  used on input line 559.
(pdftex.def)             Requested size: 271.7835pt x 133.64162pt.
 [13 <g:/Keybook/Physics/Volume II/Images/11.8.png>]

LaTeX Warning: Reference `fig...' on page 14 undefined on input line 616.

[14pdfTeX warning (ext4): destination with the same identifier (name{equation.11.4.19}) has been already used, duplicate ignored

\AtBegShi@Output ...ipout \box \AtBeginShipoutBox 
                                                  \fi \fi 
l.654 \subsection
                 *{Nature}pdfTeX warning (ext4): destination with the same identifier (name{equation.11.4.19}) has been already used, duplicate ignored

\AtBegShi@Output ...ipout \box \AtBeginShipoutBox 
                                                  \fi \fi 
l.654 \subsection
                 *{Nature}pdfTeX warning (ext4): destination with the same identifier (name{equation.11.4.19}) has been already used, duplicate ignored

\AtBegShi@Output ...ipout \box \AtBeginShipoutBox 
                                                  \fi \fi 
l.654 \subsection
                 *{Nature}pdfTeX warning (ext4): destination with the same identifier (name{equation.11.4.19}) has been already used, duplicate ignored

\AtBegShi@Output ...ipout \box \AtBeginShipoutBox 
                                                  \fi \fi 
l.654 \subsection
                 *{Nature}pdfTeX warning (ext4): destination with the same identifier (name{equation.11.4.19}) has been already used, duplicate ignored

\AtBegShi@Output ...ipout \box \AtBeginShipoutBox 
                                                  \fi \fi 
l.654 \subsection
                 *{Nature}]pdfTeX warning (ext4): destination with the same identifier (name{equation.11.4.19}) has been already used, duplicate ignored
<to be read again> 
                   \relax 
l.675 \begin{equation}
                      pdfTeX warning (ext4): destination with the same identifier (name{equation.11.4.19}) has been already used, duplicate ignored
<to be read again> 
                   \relax 
l.675 \begin{equation}
                      pdfTeX warning (ext4): destination with the same identifier (name{equation.11.4.19}) has been already used, duplicate ignored
<to be read again> 
                   \relax 
l.675 \begin{equation}
                      pdfTeX warning (ext4): destination with the same identifier (name{equation.11.4.19}) has been already used, duplicate ignored
<to be read again> 
                   \relax 
l.675 \begin{equation}
                      pdfTeX warning (ext4): destination with the same identifier (name{equation.11.4.19}) has been already used, duplicate ignored
<to be read again> 
                   \relax 
l.679 \begin{equation}
                      pdfTeX warning (ext4): destination with the same identifier (name{equation.11.4.19}) has been already used, duplicate ignored
<to be read again> 
                   \relax 
l.679 \begin{equation}
                      pdfTeX warning (ext4): destination with the same identifier (name{equation.11.4.19}) has been already used, duplicate ignored
<to be read again> 
                   \relax 
l.679 \begin{equation}
                      pdfTeX warning (ext4): destination with the same identifier (name{equation.11.4.19}) has been already used, duplicate ignored
<to be read again> 
                   \relax 
l.679 \begin{equation}
                      pdfTeX warning (ext4): destination with the same identifier (name{equation.11.4.19}) has been already used, duplicate ignored
<to be read again> 
                   \relax 
l.683 \begin{equation}
                      pdfTeX warning (ext4): destination with the same identifier (name{equation.11.4.19}) has been already used, duplicate ignored
<to be read again> 
                   \relax 
l.683 \begin{equation}
                      pdfTeX warning (ext4): destination with the same identifier (name{equation.11.4.19}) has been already used, duplicate ignored
<to be read again> 
                   \relax 
l.683 \begin{equation}
                      pdfTeX warning (ext4): destination with the same identifier (name{equation.11.4.19}) has been already used, duplicate ignored
<to be read again> 
                   \relax 
l.683 \begin{equation}
                      pdfTeX warning (ext4): destination with the same identifier (name{equation.11.4.19}) has been already used, duplicate ignored
<to be read again> 
                   \relax 
l.687 \begin{equation}
                      pdfTeX warning (ext4): destination with the same identifier (name{equation.11.4.19}) has been already used, duplicate ignored
<to be read again> 
                   \relax 
l.687 \begin{equation}
                      pdfTeX warning (ext4): destination with the same identifier (name{equation.11.4.19}) has been already used, duplicate ignored
<to be read again> 
                   \relax 
l.687 \begin{equation}
                      pdfTeX warning (ext4): destination with the same identifier (name{equation.11.4.19}) has been already used, duplicate ignored
<to be read again> 
                   \relax 
l.687 \begin{equation}
                      pdfTeX warning (ext4): destination with the same identifier (name{equation.11.4.19}) has been already used, duplicate ignored
<to be read again> 
                   \relax 
l.691 \begin{equation}
                      pdfTeX warning (ext4): destination with the same identifier (name{equation.11.4.19}) has been already used, duplicate ignored
<to be read again> 
                   \relax 
l.691 \begin{equation}
                      pdfTeX warning (ext4): destination with the same identifier (name{equation.11.4.19}) has been already used, duplicate ignored
<to be read again> 
                   \relax 
l.691 \begin{equation}
                      pdfTeX warning (ext4): destination with the same identifier (name{equation.11.4.19}) has been already used, duplicate ignored
<to be read again> 
                   \relax 
l.691 \begin{equation}
                      pdfTeX warning (ext4): destination with the same identifier (name{equation.11.4.19}) has been already used, duplicate ignored
<to be read again> 
                   \relax 
l.696 \begin{equation}
                       \label{eq:11.19}pdfTeX warning (ext4): destination with the same identifier (name{equation.11.4.19}) has been already used, duplicate ignored
<to be read again> 
                   \relax 
l.696 \begin{equation}
                       \label{eq:11.19}pdfTeX warning (ext4): destination with the same identifier (name{equation.11.4.19}) has been already used, duplicate ignored
<to be read again> 
                   \relax 
l.696 \begin{equation}
                       \label{eq:11.19}pdfTeX warning (ext4): destination with the same identifier (name{equation.11.4.19}) has been already used, duplicate ignored
<to be read again> 
                   \relax 
l.696 \begin{equation}
                       \label{eq:11.19} [15]

LaTeX Warning: Reference `fig...' on page 16 undefined on input line 745.

[16] [17pdfTeX warning (ext4): destination with the same identifier (name{equation.11.5.20}) has been already used, duplicate ignored

\AtBegShi@Output ...ipout \box \AtBeginShipoutBox 
                                                  \fi \fi 
l.799 \end{equation}
                    pdfTeX warning (ext4): destination with the same identifier (name{equation.11.5.20}) has been already used, duplicate ignored

\AtBegShi@Output ...ipout \box \AtBeginShipoutBox 
                                                  \fi \fi 
l.799 \end{equation}
                    pdfTeX warning (ext4): destination with the same identifier (name{equation.11.5.20}) has been already used, duplicate ignored

\AtBegShi@Output ...ipout \box \AtBeginShipoutBox 
                                                  \fi \fi 
l.799 \end{equation}
                    pdfTeX warning (ext4): destination with the same identifier (name{equation.11.5.20}) has been already used, duplicate ignored

\AtBegShi@Output ...ipout \box \AtBeginShipoutBox 
                                                  \fi \fi 
l.799 \end{equation}
                    pdfTeX warning (ext4): destination with the same identifier (name{equation.11.5.20}) has been already used, duplicate ignored

\AtBegShi@Output ...ipout \box \AtBeginShipoutBox 
                                                  \fi \fi 
l.799 \end{equation}
                    pdfTeX warning (ext4): destination with the same identifier (name{equation.11.5.20}) has been already used, duplicate ignored

\AtBegShi@Output ...ipout \box \AtBeginShipoutBox 
                                                  \fi \fi 
l.799 \end{equation}
                    pdfTeX warning (ext4): destination with the same identifier (name{equation.11.5.20}) has been already used, duplicate ignored

\AtBegShi@Output ...ipout \box \AtBeginShipoutBox 
                                                  \fi \fi 
l.799 \end{equation}
                    pdfTeX warning (ext4): destination with the same identifier (name{equation.11.5.20}) has been already used, duplicate ignored

\AtBegShi@Output ...ipout \box \AtBeginShipoutBox 
                                                  \fi \fi 
l.799 \end{equation}
                    pdfTeX warning (ext4): destination with the same identifier (name{equation.11.5.21}) has been already used, duplicate ignored

\AtBegShi@Output ...ipout \box \AtBeginShipoutBox 
                                                  \fi \fi 
l.799 \end{equation}
                    ]pdfTeX warning (ext4): destination with the same identifier (name{equation.11.5.21}) has been already used, duplicate ignored
<to be read again> 
                   \relax 
l.801 \begin{equation}
                      \label{eq:11.21}pdfTeX warning (ext4): destination with the same identifier (name{equation.11.5.21}) has been already used, duplicate ignored
<to be read again> 
                   \relax 
l.801 \begin{equation}
                      \label{eq:11.21}pdfTeX warning (ext4): destination with the same identifier (name{equation.11.5.21}) has been already used, duplicate ignored
<to be read again> 
                   \relax 
l.801 \begin{equation}
                      \label{eq:11.21}pdfTeX warning (ext4): destination with the same identifier (name{equation.11.5.21}) has been already used, duplicate ignored
<to be read again> 
                   \relax 
l.801 \begin{equation}
                      \label{eq:11.21} [18pdfTeX warning (ext4): destination with the same identifier (name{equation.11.5.21}) has been already used, duplicate ignored

\AtBegShi@Output ...ipout \box \AtBeginShipoutBox 
                                                  \fi \fi 
l.850 \end{equation}
                    pdfTeX warning (ext4): destination with the same identifier (name{equation.11.5.22}) has been already used, duplicate ignored

\AtBegShi@Output ...ipout \box \AtBeginShipoutBox 
                                                  \fi \fi 
l.850 \end{equation}
                    pdfTeX warning (ext4): destination with the same identifier (name{equation.11.5.22}) has been already used, duplicate ignored

\AtBegShi@Output ...ipout \box \AtBeginShipoutBox 
                                                  \fi \fi 
l.850 \end{equation}
                    pdfTeX warning (ext4): destination with the same identifier (name{equation.11.5.22}) has been already used, duplicate ignored

\AtBegShi@Output ...ipout \box \AtBeginShipoutBox 
                                                  \fi \fi 
l.850 \end{equation}
                    ]pdfTeX warning (ext4): destination with the same identifier (name{equation.11.5.22}) has been already used, duplicate ignored
<to be read again> 
                   \relax 
l.852 \begin{equation}
                      pdfTeX warning (ext4): destination with the same identifier (name{equation.11.5.22}) has been already used, duplicate ignored
<to be read again> 
                   \relax 
l.852 \begin{equation}
                      pdfTeX warning (ext4): destination with the same identifier (name{equation.11.5.22}) has been already used, duplicate ignored
<to be read again> 
                   \relax 
l.852 \begin{equation}
                      pdfTeX warning (ext4): destination with the same identifier (name{equation.11.5.22}) has been already used, duplicate ignored
<to be read again> 
                   \relax 
l.852 \begin{equation}
                      pdfTeX warning (ext4): destination with the same identifier (name{equation.11.5.22}) has been already used, duplicate ignored
<to be read again> 
                   \relax 
l.856 \begin{equation}
                      pdfTeX warning (ext4): destination with the same identifier (name{equation.11.5.22}) has been already used, duplicate ignored
<to be read again> 
                   \relax 
l.856 \begin{equation}
                      pdfTeX warning (ext4): destination with the same identifier (name{equation.11.5.22}) has been already used, duplicate ignored
<to be read again> 
                   \relax 
l.856 \begin{equation}
                      pdfTeX warning (ext4): destination with the same identifier (name{equation.11.5.22}) has been already used, duplicate ignored
<to be read again> 
                   \relax 
l.856 \begin{equation}
                      pdfTeX warning (ext4): destination with the same identifier (name{equation.11.5.22}) has been already used, duplicate ignored
<to be read again> 
                   \relax 
l.860 \begin{equation}
                      \label{eq:11.22}pdfTeX warning (ext4): destination with the same identifier (name{equation.11.5.22}) has been already used, duplicate ignored
<to be read again> 
                   \relax 
l.860 \begin{equation}
                      \label{eq:11.22}pdfTeX warning (ext4): destination with the same identifier (name{equation.11.5.22}) has been already used, duplicate ignored
<to be read again> 
                   \relax 
l.860 \begin{equation}
                      \label{eq:11.22}pdfTeX warning (ext4): destination with the same identifier (name{equation.11.5.22}) has been already used, duplicate ignored
<to be read again> 
                   \relax 
l.860 \begin{equation}
                      \label{eq:11.22} [19pdfTeX warning (ext4): destination with the same identifier (name{equation.11.5.22}) has been already used, duplicate ignored

\AtBegShi@Output ...ipout \box \AtBeginShipoutBox 
                                                  \fi \fi 
l.914 
      ] [20]pdfTeX warning (ext4): destination with the same identifier (name{equation.11.5.25}) has been already used, duplicate ignored
<to be read again> 
                   \relax 
l.967 \begin{equation}
                      pdfTeX warning (ext4): destination with the same identifier (name{equation.11.5.25}) has been already used, duplicate ignored
<to be read again> 
                   \relax 
l.967 \begin{equation}
                      pdfTeX warning (ext4): destination with the same identifier (name{equation.11.5.25}) has been already used, duplicate ignored
<to be read again> 
                   \relax 
l.967 \begin{equation}
                      pdfTeX warning (ext4): destination with the same identifier (name{equation.11.5.25}) has been already used, duplicate ignored
<to be read again> 
                   \relax 
l.967 \begin{equation}
                      pdfTeX warning (ext4): destination with the same identifier (name{equation.11.5.25}) has been already used, duplicate ignored
<to be read again> 
                   \relax 
l.971 \begin{equation}
                      pdfTeX warning (ext4): destination with the same identifier (name{equation.11.5.25}) has been already used, duplicate ignored
<to be read again> 
                   \relax 
l.971 \begin{equation}
                      pdfTeX warning (ext4): destination with the same identifier (name{equation.11.5.25}) has been already used, duplicate ignored
<to be read again> 
                   \relax 
l.971 \begin{equation}
                      pdfTeX warning (ext4): destination with the same identifier (name{equation.11.5.25}) has been already used, duplicate ignored
<to be read again> 
                   \relax 
l.971 \begin{equation}
                      pdfTeX warning (ext4): destination with the same identifier (name{equation.11.5.25}) has been already used, duplicate ignored
<to be read again> 
                   \relax 
l.982 \begin{equation}
                      pdfTeX warning (ext4): destination with the same identifier (name{equation.11.5.25}) has been already used, duplicate ignored
<to be read again> 
                   \relax 
l.982 \begin{equation}
                      pdfTeX warning (ext4): destination with the same identifier (name{equation.11.5.25}) has been already used, duplicate ignored
<to be read again> 
                   \relax 
l.982 \begin{equation}
                      pdfTeX warning (ext4): destination with the same identifier (name{equation.11.5.25}) has been already used, duplicate ignored
<to be read again> 
                   \relax 
l.982 \begin{equation}
                      pdfTeX warning (ext4): destination with the same identifier (name{equation.11.5.25}) has been already used, duplicate ignored
<to be read again> 
                   \relax 
l.987 \begin{equation}
                      pdfTeX warning (ext4): destination with the same identifier (name{equation.11.5.25}) has been already used, duplicate ignored
<to be read again> 
                   \relax 
l.987 \begin{equation}
                      pdfTeX warning (ext4): destination with the same identifier (name{equation.11.5.25}) has been already used, duplicate ignored
<to be read again> 
                   \relax 
l.987 \begin{equation}
                      pdfTeX warning (ext4): destination with the same identifier (name{equation.11.5.25}) has been already used, duplicate ignored
<to be read again> 
                   \relax 
l.987 \begin{equation}
                      pdfTeX warning (ext4): destination with the same identifier (name{equation.11.5.25}) has been already used, duplicate ignored
<to be read again> 
                   \relax 
l.991 \begin{equation}
                      pdfTeX warning (ext4): destination with the same identifier (name{equation.11.5.25}) has been already used, duplicate ignored
<to be read again> 
                   \relax 
l.991 \begin{equation}
                      pdfTeX warning (ext4): destination with the same identifier (name{equation.11.5.25}) has been already used, duplicate ignored
<to be read again> 
                   \relax 
l.991 \begin{equation}
                      pdfTeX warning (ext4): destination with the same identifier (name{equation.11.5.25}) has been already used, duplicate ignored
<to be read again> 
                   \relax 
l.991 \begin{equation}
                      pdfTeX warning (ext4): destination with the same identifier (name{equation.11.5.25}) has been already used, duplicate ignored
<to be read again> 
                   \relax 
l.994 \begin{equation}
                      \label{eq:11.25}pdfTeX warning (ext4): destination with the same identifier (name{equation.11.5.25}) has been already used, duplicate ignored
<to be read again> 
                   \relax 
l.994 \begin{equation}
                      \label{eq:11.25}pdfTeX warning (ext4): destination with the same identifier (name{equation.11.5.25}) has been already used, duplicate ignored
<to be read again> 
                   \relax 
l.994 \begin{equation}
                      \label{eq:11.25}pdfTeX warning (ext4): destination with the same identifier (name{equation.11.5.25}) has been already used, duplicate ignored
<to be read again> 
                   \relax 
l.994 \begin{equation}
                      \label{eq:11.25}

LaTeX Warning: Reference `....' on page 21 undefined on input line 1015.


LaTeX Warning: Reference `fig' on page 21 undefined on input line 1026.

[21pdfTeX warning (ext4): destination with the same identifier (name{equation.11.5.25}) has been already used, duplicate ignored

\AtBegShi@Output ...ipout \box \AtBeginShipoutBox 
                                                  \fi \fi 
l.1027 
       ] [22pdfTeX warning (ext4): destination with the same identifier (name{equation.11.5.26}) has been already used, duplicate ignored

\AtBegShi@Output ...ipout \box \AtBeginShipoutBox 
                                                  \fi \fi 
l.1082 I
        f `$\hat{n}$' is the unit vector directed normally outwards from the...pdfTeX warning (ext4): destination with the same identifier (name{equation.11.5.27}) has been already used, duplicate ignored

\AtBegShi@Output ...ipout \box \AtBeginShipoutBox 
                                                  \fi \fi 
l.1082 I
        f `$\hat{n}$' is the unit vector directed normally outwards from the...] [23pdfTeX warning (ext4): destination with the same identifier (name{equation.11.5.29}) has been already used, duplicate ignored

\AtBegShi@Output ...ipout \box \AtBeginShipoutBox 
                                                  \fi \fi 
l.1142 \paragraph
                 {Alternate Method:}pdfTeX warning (ext4): destination with the same identifier (name{equation.11.5.34}) has been already used, duplicate ignored

\AtBegShi@Output ...ipout \box \AtBeginShipoutBox 
                                                  \fi \fi 
l.1142 \paragraph
                 {Alternate Method:}] [24pdfTeX warning (ext4): destination with the same identifier (name{equation.11.5.35}) has been already used, duplicate ignored

\AtBegShi@Output ...ipout \box \AtBeginShipoutBox 
                                                  \fi \fi 
l.1196 \end{equation}
                     pdfTeX warning (ext4): destination with the same identifier (name{equation.11.6.35}) has been already used, duplicate ignored

\AtBegShi@Output ...ipout \box \AtBeginShipoutBox 
                                                  \fi \fi 
l.1196 \end{equation}
                     ] [25pdfTeX warning (ext4): destination with the same identifier (name{equation.11.6.42}) has been already used, duplicate ignored

\AtBegShi@Output ...ipout \box \AtBeginShipoutBox 
                                                  \fi \fi 
l.1244 \noindent
                 Submultiples are:] [26] [27pdfTeX warning (ext4): destination with the same identifier (name{equation.11.6.50}) has been already used, duplicate ignored

\AtBegShi@Output ...ipout \box \AtBeginShipoutBox 
                                                  \fi \fi 
l.1353 \end{equation}
                     pdfTeX warning (ext4): destination with the same identifier (name{equation.11.6.50}) has been already used, duplicate ignored

\AtBegShi@Output ...ipout \box \AtBeginShipoutBox 
                                                  \fi \fi 
l.1353 \end{equation}
                     pdfTeX warning (ext4): destination with the same identifier (name{equation.11.6.50}) has been already used, duplicate ignored

\AtBegShi@Output ...ipout \box \AtBeginShipoutBox 
                                                  \fi \fi 
l.1353 \end{equation}
                     pdfTeX warning (ext4): destination with the same identifier (name{equation.11.6.51}) has been already used, duplicate ignored

\AtBegShi@Output ...ipout \box \AtBeginShipoutBox 
                                                  \fi \fi 
l.1353 \end{equation}
                     pdfTeX warning (ext4): destination with the same identifier (name{equation.11.6.51}) has been already used, duplicate ignored

\AtBegShi@Output ...ipout \box \AtBeginShipoutBox 
                                                  \fi \fi 
l.1353 \end{equation}
                     pdfTeX warning (ext4): destination with the same identifier (name{equation.11.6.51}) has been already used, duplicate ignored

\AtBegShi@Output ...ipout \box \AtBeginShipoutBox 
                                                  \fi \fi 
l.1353 \end{equation}
                     pdfTeX warning (ext4): destination with the same identifier (name{equation.11.6.51}) has been already used, duplicate ignored

\AtBegShi@Output ...ipout \box \AtBeginShipoutBox 
                                                  \fi \fi 
l.1353 \end{equation}
                     pdfTeX warning (ext4): destination with the same identifier (name{equation.11.6.52}) has been already used, duplicate ignored

\AtBegShi@Output ...ipout \box \AtBeginShipoutBox 
                                                  \fi \fi 
l.1353 \end{equation}
                     pdfTeX warning (ext4): destination with the same identifier (name{equation.11.6.52}) has been already used, duplicate ignored

\AtBegShi@Output ...ipout \box \AtBeginShipoutBox 
                                                  \fi \fi 
l.1353 \end{equation}
                     ] [28pdfTeX warning (ext4): destination with the same identifier (name{equation.11.6.52}) has been already used, duplicate ignored

\AtBegShi@Output ...ipout \box \AtBeginShipoutBox 
                                                  \fi \fi 
l.1412 \end{equation}
                     pdfTeX warning (ext4): destination with the same identifier (name{equation.11.6.56}) has been already used, duplicate ignored

\AtBegShi@Output ...ipout \box \AtBeginShipoutBox 
                                                  \fi \fi 
l.1412 \end{equation}
                     pdfTeX warning (ext4): destination with the same identifier (name{equation.11.6.56}) has been already used, duplicate ignored

\AtBegShi@Output ...ipout \box \AtBeginShipoutBox 
                                                  \fi \fi 
l.1412 \end{equation}
                     pdfTeX warning (ext4): destination with the same identifier (name{equation.11.6.57}) has been already used, duplicate ignored

\AtBegShi@Output ...ipout \box \AtBeginShipoutBox 
                                                  \fi \fi 
l.1412 \end{equation}
                     pdfTeX warning (ext4): destination with the same identifier (name{equation.11.6.57}) has been already used, duplicate ignored

\AtBegShi@Output ...ipout \box \AtBeginShipoutBox 
                                                  \fi \fi 
l.1412 \end{equation}
                     ]pdfTeX warning (ext4): destination with the same identifier (name{equation.11.6.58}) has been already used, duplicate ignored
<to be read again> 
                   \relax 
l.1415 \begin{equation}
                       \label{eq:11.58}pdfTeX warning (ext4): destination with the same identifier (name{equation.11.6.58}) has been already used, duplicate ignored
<to be read again> 
                   \relax 
l.1415 \begin{equation}
                       \label{eq:11.58}pdfTeX warning (ext4): destination with the same identifier (name{equation.11.6.58}) has been already used, duplicate ignored
<to be read again> 
                   \relax 
l.1415 \begin{equation}
                       \label{eq:11.58}pdfTeX warning (ext4): destination with the same identifier (name{equation.11.6.58}) has been already used, duplicate ignored
<to be read again> 
                   \relax 
l.1415 \begin{equation}
                       \label{eq:11.58} [29pdfTeX warning (ext4): destination with the same identifier (name{equation.11.6.58}) has been already used, duplicate ignored

\AtBegShi@Output ...ipout \box \AtBeginShipoutBox 
                                                  \fi \fi 
l.1466 \subsection
                  *{Mathematical Derivation}] [30] [31] [32]) [33]
\openout2 = `CHAPTERS/Chapter-12/Chapter-12.aux'.

 ("g:\Keybook\Physics\Volume II\CHAPTERS/Chapter-12/Chapter-12.tex"
Chapter 12.
[34



] [35pdfTeX warning (ext4): destination with the same identifier (name{equation.12.2.4}) has been already used, duplicate ignored

\AtBegShi@Output ...ipout \box \AtBeginShipoutBox 
                                                  \fi \fi 
l.47 \subsection*{Order of Drift Velocity}
                                          ] [36]) [37pdfTeX warning (ext4): destination with the same identifier (name{equation.12.5.5}) has been already used, duplicate ignored

\AtBegShi@Output ...ipout \box \AtBeginShipoutBox 
                                                  \fi \fi 
l.200 \include{CHAPTERS/Chapter-12/Chapter-12}
                                              pdfTeX warning (ext4): destination with the same identifier (name{equation.12.5.5}) has been already used, duplicate ignored

\AtBegShi@Output ...ipout \box \AtBeginShipoutBox 
                                                  \fi \fi 
l.200 \include{CHAPTERS/Chapter-12/Chapter-12}
                                              pdfTeX warning (ext4): destination with the same identifier (name{equation.12.5.5}) has been already used, duplicate ignored

\AtBegShi@Output ...ipout \box \AtBeginShipoutBox 
                                                  \fi \fi 
l.200 \include{CHAPTERS/Chapter-12/Chapter-12}
                                              ]
\openout2 = `CHAPTERS/Chapter-13/Chapter-13.aux'.

 ("g:\Keybook\Physics\Volume II\CHAPTERS/Chapter-13/Chapter-13.tex"
Chapter 13.
[38



] [39] [40pdfTeX warning (ext4): destination with the same identifier (name{equation.13.4.1}) has been already used, duplicate ignored

\AtBegShi@Output ...ipout \box \AtBeginShipoutBox 
                                                  \fi \fi 
l.93 \end{equation}
                   pdfTeX warning (ext4): destination with the same identifier (name{equation.13.4.1}) has been already used, duplicate ignored

\AtBegShi@Output ...ipout \box \AtBeginShipoutBox 
                                                  \fi \fi 
l.93 \end{equation}
                   pdfTeX warning (ext4): destination with the same identifier (name{equation.13.4.1}) has been already used, duplicate ignored

\AtBegShi@Output ...ipout \box \AtBeginShipoutBox 
                                                  \fi \fi 
l.93 \end{equation}
                   ]pdfTeX warning (ext4): destination with the same identifier (name{equation.13.4.1}) has been already used, duplicate ignored
<to be read again> 
                   \relax 
l.95 \begin{equation}
                     pdfTeX warning (ext4): destination with the same identifier (name{equation.13.4.1}) has been already used, duplicate ignored
<to be read again> 
                   \relax 
l.95 \begin{equation}
                     pdfTeX warning (ext4): destination with the same identifier (name{equation.13.4.1}) has been already used, duplicate ignored
<to be read again> 
                   \relax 
l.95 \begin{equation}
                     pdfTeX warning (ext4): destination with the same identifier (name{equation.13.4.1}) has been already used, duplicate ignored
<to be read again> 
                   \relax 
l.95 \begin{equation}
                      ("C:\Program Files\MiKTeX 2.9\tex/latex/ucs\uni-0.def"
File: uni-0.def 2013/05/13 UCS: Unicode data U+0000..U+00FF
)pdfTeX warning (ext4): destination with the same identifier (name{equation.13.4.1}) has been already used, duplicate ignored
<to be read again> 
                   \relax 
l.126 \begin{equation}
                      pdfTeX warning (ext4): destination with the same identifier (name{equation.13.4.1}) has been already used, duplicate ignored
<to be read again> 
                   \relax 
l.126 \begin{equation}
                      pdfTeX warning (ext4): destination with the same identifier (name{equation.13.4.1}) has been already used, duplicate ignored
<to be read again> 
                   \relax 
l.126 \begin{equation}
                      pdfTeX warning (ext4): destination with the same identifier (name{equation.13.4.1}) has been already used, duplicate ignored
<to be read again> 
                   \relax 
l.126 \begin{equation}
                      pdfTeX warning (ext4): destination with the same identifier (name{equation.13.4.1}) has been already used, duplicate ignored
<to be read again> 
                   \relax 
l.133 \begin{equation}
                      pdfTeX warning (ext4): destination with the same identifier (name{equation.13.4.1}) has been already used, duplicate ignored
<to be read again> 
                   \relax 
l.133 \begin{equation}
                      pdfTeX warning (ext4): destination with the same identifier (name{equation.13.4.1}) has been already used, duplicate ignored
<to be read again> 
                   \relax 
l.133 \begin{equation}
                      pdfTeX warning (ext4): destination with the same identifier (name{equation.13.4.1}) has been already used, duplicate ignored
<to be read again> 
                   \relax 
l.133 \begin{equation}
                       [41pdfTeX warning (ext4): destination with the same identifier (name{equation.13.4.1}) has been already used, duplicate ignored

\AtBegShi@Output ...ipout \box \AtBeginShipoutBox 
                                                  \fi \fi 
l.135 \end{equation}
                    ] [42pdfTeX warning (ext4): destination with the same identifier (name{equation.13.5.1}) has been already used, duplicate ignored

\AtBegShi@Output ...ipout \box \AtBeginShipoutBox 
                                                  \fi \fi 
l.178 \end{equation}
                    ]pdfTeX warning (ext4): destination with the same identifier (name{equation.13.5.1}) has been already used, duplicate ignored
<to be read again> 
                   \relax 
l.179 \begin{equation}
                      pdfTeX warning (ext4): destination with the same identifier (name{equation.13.5.1}) has been already used, duplicate ignored
<to be read again> 
                   \relax 
l.179 \begin{equation}
                      pdfTeX warning (ext4): destination with the same identifier (name{equation.13.5.1}) has been already used, duplicate ignored
<to be read again> 
                   \relax 
l.179 \begin{equation}
                      pdfTeX warning (ext4): destination with the same identifier (name{equation.13.5.1}) has been already used, duplicate ignored
<to be read again> 
                   \relax 
l.179 \begin{equation}
                      pdfTeX warning (ext4): destination with the same identifier (name{equation.13.5.1}) has been already used, duplicate ignored
<to be read again> 
                   \relax 
l.183 \begin{equation}
                      pdfTeX warning (ext4): destination with the same identifier (name{equation.13.5.1}) has been already used, duplicate ignored
<to be read again> 
                   \relax 
l.183 \begin{equation}
                      pdfTeX warning (ext4): destination with the same identifier (name{equation.13.5.1}) has been already used, duplicate ignored
<to be read again> 
                   \relax 
l.183 \begin{equation}
                      pdfTeX warning (ext4): destination with the same identifier (name{equation.13.5.1}) has been already used, duplicate ignored
<to be read again> 
                   \relax 
l.183 \begin{equation}
                      pdfTeX warning (ext4): destination with the same identifier (name{equation.13.5.1}) has been already used, duplicate ignored
<to be read again> 
                   \relax 
l.191 \begin{equation}
                      pdfTeX warning (ext4): destination with the same identifier (name{equation.13.5.1}) has been already used, duplicate ignored
<to be read again> 
                   \relax 
l.191 \begin{equation}
                      pdfTeX warning (ext4): destination with the same identifier (name{equation.13.5.1}) has been already used, duplicate ignored
<to be read again> 
                   \relax 
l.191 \begin{equation}
                      pdfTeX warning (ext4): destination with the same identifier (name{equation.13.5.1}) has been already used, duplicate ignored
<to be read again> 
                   \relax 
l.191 \begin{equation}
                      pdfTeX warning (ext4): destination with the same identifier (name{equation.13.5.1}) has been already used, duplicate ignored
<to be read again> 
                   \relax 
l.194 \begin{equation}
                      pdfTeX warning (ext4): destination with the same identifier (name{equation.13.5.1}) has been already used, duplicate ignored
<to be read again> 
                   \relax 
l.194 \begin{equation}
                      pdfTeX warning (ext4): destination with the same identifier (name{equation.13.5.1}) has been already used, duplicate ignored
<to be read again> 
                   \relax 
l.194 \begin{equation}
                      pdfTeX warning (ext4): destination with the same identifier (name{equation.13.5.1}) has been already used, duplicate ignored
<to be read again> 
                   \relax 
l.194 \begin{equation}
                      pdfTeX warning (ext4): destination with the same identifier (name{equation.13.5.1}) has been already used, duplicate ignored
<to be read again> 
                   \relax 
l.203 \begin{equation}
                      pdfTeX warning (ext4): destination with the same identifier (name{equation.13.5.1}) has been already used, duplicate ignored
<to be read again> 
                   \relax 
l.203 \begin{equation}
                      pdfTeX warning (ext4): destination with the same identifier (name{equation.13.5.1}) has been already used, duplicate ignored
<to be read again> 
                   \relax 
l.203 \begin{equation}
                      pdfTeX warning (ext4): destination with the same identifier (name{equation.13.5.1}) has been already used, duplicate ignored
<to be read again> 
                   \relax 
l.203 \begin{equation}
                      pdfTeX warning (ext4): destination with the same identifier (name{equation.13.5.1}) has been already used, duplicate ignored
<to be read again> 
                   \relax 
l.206 \begin{equation}
                      pdfTeX warning (ext4): destination with the same identifier (name{equation.13.5.1}) has been already used, duplicate ignored
<to be read again> 
                   \relax 
l.206 \begin{equation}
                      pdfTeX warning (ext4): destination with the same identifier (name{equation.13.5.1}) has been already used, duplicate ignored
<to be read again> 
                   \relax 
l.206 \begin{equation}
                      pdfTeX warning (ext4): destination with the same identifier (name{equation.13.5.1}) has been already used, duplicate ignored
<to be read again> 
                   \relax 
l.206 \begin{equation}
                      pdfTeX warning (ext4): destination with the same identifier (name{equation.13.5.1}) has been already used, duplicate ignored
<to be read again> 
                   \relax 
l.215 \begin{equation}
                      pdfTeX warning (ext4): destination with the same identifier (name{equation.13.5.1}) has been already used, duplicate ignored
<to be read again> 
                   \relax 
l.215 \begin{equation}
                      pdfTeX warning (ext4): destination with the same identifier (name{equation.13.5.1}) has been already used, duplicate ignored
<to be read again> 
                   \relax 
l.215 \begin{equation}
                      pdfTeX warning (ext4): destination with the same identifier (name{equation.13.5.1}) has been already used, duplicate ignored
<to be read again> 
                   \relax 
l.215 \begin{equation}
                       [43pdfTeX warning (ext4): destination with the same identifier (name{equation.13.5.1}) has been already used, duplicate ignored

\AtBegShi@Output ...ipout \box \AtBeginShipoutBox 
                                                  \fi \fi 
l.229  \subsection
                  {Statement}]) [44pdfTeX warning (ext4): destination with the same identifier (name{equation.13.6.1}) has been already used, duplicate ignored

\AtBegShi@Output ...ipout \box \AtBeginShipoutBox 
                                                  \fi \fi 
l.201 \include{CHAPTERS/Chapter-13/Chapter-13}
                                              pdfTeX warning (ext4): destination with the same identifier (name{equation.13.6.1}) has been already used, duplicate ignored

\AtBegShi@Output ...ipout \box \AtBeginShipoutBox 
                                                  \fi \fi 
l.201 \include{CHAPTERS/Chapter-13/Chapter-13}
                                              pdfTeX warning (ext4): destination with the same identifier (name{equation.13.6.1}) has been already used, duplicate ignored

\AtBegShi@Output ...ipout \box \AtBeginShipoutBox 
                                                  \fi \fi 
l.201 \include{CHAPTERS/Chapter-13/Chapter-13}
                                              pdfTeX warning (ext4): destination with the same identifier (name{equation.13.6.1}) has been already used, duplicate ignored

\AtBegShi@Output ...ipout \box \AtBeginShipoutBox 
                                                  \fi \fi 
l.201 \include{CHAPTERS/Chapter-13/Chapter-13}
                                              ]
\openout2 = `CHAPTERS/Chapter-13/Chapter-14.aux'.


No file CHAPTERS/Chapter-13/Chapter-14.tex.
\openout2 = `CHAPTERS/Chapter-13/Chapter-15.aux'.

No file CHAPTERS/Chapter-13/Chapter-15.tex.
\openout2 = `CHAPTERS/Chapter-13/Chapter-16.aux'.

No file CHAPTERS/Chapter-13/Chapter-16.tex.
\openout2 = `CHAPTERS/Chapter-13/Chapter-17.aux'.

No file CHAPTERS/Chapter-13/Chapter-17.tex.
\openout2 = `CHAPTERS/Chapter-13/Chapter-18.aux'.

No file CHAPTERS/Chapter-13/Chapter-18.tex.
\openout2 = `CHAPTERS/Chapter-13/Chapter-19.aux'.

No file CHAPTERS/Chapter-13/Chapter-19.tex.
\openout2 = `CHAPTERS/Chapter-13/Chapter-20.aux'.

No file CHAPTERS/Chapter-13/Chapter-20.tex.
Package atveryend Info: Empty hook `BeforeClearDocument' on input line 224.
Package atveryend Info: Empty hook `AfterLastShipout' on input line 224.
("g:\Keybook\Physics\Volume II\book.aux" ("g:\Keybook\Physics\Volume II\CHAPTERS/Chapter-11/Chapter-11.aux") ("g:\Keybook\Physics\Volume II\CHAPTERS/Chapter-12/Chapter-12.aux") ("g:\Keybook\Physics\Volume II\CHAPTERS/Chapter-13/Chapter-13.aux") ("g:\Keybook\Physics\Volume II\CHAPTERS/Chapter-13/Chapter-14.aux") ("g:\Keybook\Physics\Volume II\CHAPTERS/Chapter-13/Chapter-15.aux") ("g:\Keybook\Physics\Volume II\CHAPTERS/Chapter-13/Chapter-16.aux") ("g:\Keybook\Physics\Volume II\CHAPTERS/Chapter-13/Chapter-17.aux") ("g:\Keybook\Physics\Volume II\CHAPTERS/Chapter-13/Chapter-18.aux") ("g:\Keybook\Physics\Volume II\CHAPTERS/Chapter-13/Chapter-19.aux") ("g:\Keybook\Physics\Volume II\CHAPTERS/Chapter-13/Chapter-20.aux"))
Package atveryend Info: Executing hook `AtVeryEndDocument' on input line 224.
Package atveryend Info: Executing hook `AtEndAfterFileList' on input line 224.
Package rerunfilecheck Info: File `book.out' has not changed.
(rerunfilecheck)             Checksum: 64B2B4FA1C4CDD3BC29E8FE5A91CB22A;4457.


LaTeX Font Warning: Some font shapes were not available, defaults substituted.


LaTeX Warning: There were undefined references.


LaTeX Warning: There were multiply-defined labels.

Package atveryend Info: Empty hook `AtVeryVeryEnd' on input line 224.
 )
(\end occurred when \ifodd on line 119 was incomplete) 
Here is how much of TeX's memory you used:
 33584 strings out of 492449
 618979 string characters out of 3129736
 677654 words of memory out of 3000000
 37028 multiletter control sequences out of 15000+200000
 545084 words of font info for 66 fonts, out of 3000000 for 9000
 1141 hyphenation exceptions out of 8191
 59i,12n,75p,961b,487s stack positions out of 5000i,500n,10000p,200000b,50000s
<C:/Program Files/MiKTeX 2.9/fonts/type1/public/amsfonts/cm/cmbx12.pfb><C:/Program Files/MiKTeX 2.9/fonts/type1/public/amsfonts/cm/cmbxti10.pfb><C:/Program Files/MiKTeX 2.9/fonts/type1/public/amsfonts/cm/cmcsc10.pfb><C:/Program Files/MiKTeX 2.9/fonts/type1/public/amsfonts/cm/cmex10.pfb><C:/Program Files/MiKTeX 2.9/fonts/type1/public/amsfonts/cm/cmmi12.pfb><C:/Program Files/MiKTeX 2.9/fonts/type1/public/amsfonts/cm/cmmi6.pfb><C:/Program Files/MiKTeX 2.9/fonts/type1/public/amsfonts/cm/cmmi8.pfb><C:/Program Files/MiKTeX 2.9/fonts/type1/public/amsfonts/cm/cmr10.pfb><C:/Program Files/MiKTeX 2.9/fonts/type1/public/amsfonts/cm/cmr12.pfb><C:/Program Files/MiKTeX 2.9/fonts/type1/public/amsfonts/cm/cmr6.pfb><C:/Program Files/MiKTeX 2.9/fonts/type1/public/amsfonts/cm/cmr7.pfb><C:/Program Files/MiKTeX 2.9/fonts/type1/public/amsfonts/cm/cmr8.pfb><C:/Program Files/MiKTeX 2.9/fonts/type1/public/amsfonts/cm/cmssbx10.pfb><C:/Program Files/MiKTeX 2.9/fonts/type1/public/amsfonts/cm/cmsy10.pfb><C:/Program Files/MiKTeX 2.9/fonts/type1/public/amsfonts/cm/cmsy6.pfb><C:/Program Files/MiKTeX 2.9/fonts/type1/public/amsfonts/cm/cmsy8.pfb><C:/Program Files/MiKTeX 2.9/fonts/type1/public/amsfonts/cm/cmti12.pfb><C:/Program Files/MiKTeX 2.9/fonts/type1/public/cbgreek/grmn1200.pfb><C:/Program Files/MiKTeX 2.9/fonts/type1/public/cbgreek/grxi1200.pfb>
Output written on "g:\Keybook\Physics\Volume II\book.pdf" (47 pages, 1450716 bytes).
PDF statistics:
 934 PDF objects out of 1000 (max. 8388607)
 346 named destinations out of 1000 (max. 500000)
 490 words of extra memory for PDF output out of 10000 (max. 10000000)

